[INFO  - 2015-06-17T12:09:06.431Z] GhostDriver - Main - running on port 55674
[INFO  - 2015-06-17T12:09:07.378Z] Session [a77004e0-14e9-11e5-b614-199622046f0e] - page.settings - {"XSSAuditingEnabled":false,"javascriptCanCloseWindows":true,"javascriptCanOpenWindows":true,"javascriptEnabled":true,"loadImages":true,"localToRemoteUrlAccessEnabled":false,"userAgent":"Mozilla/5.0 (Unknown; Linux x86_64) AppleWebKit/538.1 (KHTML, like Gecko) PhantomJS/2.0.1-development Safari/538.1","webSecurityEnabled":true}
[INFO  - 2015-06-17T12:09:07.378Z] Session [a77004e0-14e9-11e5-b614-199622046f0e] - page.customHeaders:  - {}
[INFO  - 2015-06-17T12:09:07.378Z] Session [a77004e0-14e9-11e5-b614-199622046f0e] - Session.negotiatedCapabilities - {"browserName":"phantomjs","version":"2.0.1","driverName":"ghostdriver","driverVersion":"1.2.0","platform":"linux-unknown-64bit","javascriptEnabled":true,"takesScreenshot":true,"handlesAlerts":false,"databaseEnabled":false,"locationContextEnabled":false,"applicationCacheEnabled":false,"browserConnectionEnabled":false,"cssSelectorsEnabled":true,"webStorageEnabled":false,"rotatable":false,"acceptSslCerts":false,"nativeEvents":true,"proxy":{"proxyType":"direct"}}
[INFO  - 2015-06-17T12:09:07.378Z] SessionManagerReqHand - _postNewSessionCommand - New Session Created: a77004e0-14e9-11e5-b614-199622046f0e
[ERROR - 2015-06-17T12:09:22.506Z] Session [a4692d80-14e9-11e5-a968-6de90b860d5d] - page.onError - msg: TypeError: undefined is not an object (evaluating 'thi[ERROR - 2015-06-17T12:09:27.197Z] Session [a5a026e0-14e9-11e5-8b9b-c5585fa4bcd7] - page.onError - msg: TypeError: undefined is not an object (evaluating 'jQuery.ui.jig')

  :262 in error
[ERROR - 2015-06-17T12:09:27.197Z] Session [a5a026e0-14e9-11e5-8b9b-c5585fa4bcd7] - page.onError - stack:
  _closeAnimation (http://static.pubmed.gov/core/jig/1.13.1/js/jquery.ui.widgets.min.js:459)
  close (http://static.pubmed.gov/core/jig/1.13.1/js/jquery.ui.widgets.min.js:459)
  (anonymous function) (http://static.pubmed.gov/core/jig/1.13.1/js/jquery.ui.widgets.min.js:113)
  each (http://static.pubmed.gov/core/jig/1.13.1/js/jig.min.js:26)
[ERROR - 2015-06-17T12:09:34.946Z] Session [a77004e0-14e9-11e5-b614-199622046f0e] - page.onError - msg: TypeError: undefined is not an object (evaluating 'jQuery.ui.jig')

  :262 in error
[ERROR - 2015-06-17T12:09:34.946Z] Session [a77004e0-14e9-11e5-b614-199622046f0e] - page.onError - stack:
  _closeAnimation (http://static.pubmed.gov/core/jig/1.13.1/js/jquery.ui.widgets.min.js:459)
  close (http://static.pubmed.gov/core/jig/1.13.1/js/jquery.ui.widgets.min.js:459)
  (anonymous function) (http://static.pubmed.gov/core/jig/1.13.1/js/jquery.ui.widgets.min.js:113)
  each (http://static.pubmed.gov/core/jig/1.13.1/js/jig.min.js:26)
  each (http://static.pubmed.gov/core/jig/1.13.1/js/jig.min.js:20)
  (anonymous function) (http://static.pubmed.gov/core/jig/1.13.1/js/jquery.ui.widgets.min.js:113)
  _hideLoadingMessage (http://static.pubmed.gov/core/jig/1.13.1/js/jquery.ui.widgets.min.js:357)
  (anonymous function) (http://static.pubmed.gov/core/jig/1.13.1/js/jquery.ui.widgets.min.js:356)
  dispatch (http://static.pubmed.gov/core/jig/1.13.1/js/jig.min.js:76)
  l (http://static.pubmed.gov/core/jig/1.13.1/js/jig.min.js:68)
  trigger (http://static.pubmed.gov/core/jig/1.13.1/js/jig.min.js:73)
  (anonymous function) (http://static.pubmed.gov/core/jig/1.13.1/js/jig.min.js:88)
  each (http://static.pubmed.gov/core/jig/1.13.1/js/jig.min.js:26)
  each (http://static.pubmed.gov/core/jig/1.13.1/js/jig.min.js:20)
  trigger (http://static.pubmed.gov/core/jig/1.13.1/js/jig.min.js:88)
  _displayTheRows (http://static.pubmed.gov/core/jig/1.13.1/js/jquery.ui.widgets.min.js:386)
  _wrapUpProcessing (http://static.pubmed.gov/core/jig/1.13.1/js/jquery.ui.widgets.min.js:385)
  _processData (http://static.pubmed.gov/core/jig/1.13.1/js/jquery.ui.widgets.min.js:384)
  success (http://static.pubmed.gov/core/jig/1.13.1/js/jquery.ui.widgets.min.js:383)
  t (http://static.pubmed.gov/core/jig/1.13.1/js/jig.min.js:32)
  fireWith (http://static.pubmed.gov/core/jig/1.13.1/js/jig.min.js:34)
  d (http://static.pubmed.gov/core/jig/1.13.1/js/jig.min.js:155)
  b (http://static.pubmed.gov/core/jig/1.13.1/js/jig.min.js:166)

  :262 in error
[ERROR - 2015-06-17T12:09:35.053Z] Session [a77004e0-14e9-11e5-b614-199622046f0e] - page.onError - msg: TypeError: undefined is not an object (evaluating 'jQuery.ui.jig')

  :262 in error
[ERROR - 2015-06-17T12:09:35.053Z] Session [a77004e0-14e9-11e5-b614-199622046f0e] - page.onError - stack:
  _closeAnimation (http://static.pubmed.gov/core/jig/1.13.1/js/jquery.ui.widgets.min.js:459)
  close (http://static.pubmed.gov/core/jig/1.13.1/js/jquery.ui.widgets.min.js:459)
  (anonymous function) (http://static.pubmed.gov/core/jig/1.13.1/js/jquery.ui.widgets.min.js:113)
  each (http://static.pubmed.gov/core/jig/1.13.1/js/jig.min.js:26)
  each (http://static.pubmed.gov/core/jig/1.13.1/js/jig.min.js:20)
  (anonymous function) (http://static.pubmed.gov/core/jig/1.13.1/js/jquery.ui.widgets.min.js:113)
  _hideLoadingMessage (http://static.pubmed.gov/core/jig/1.13.1/js/jquery.ui.widgets.min.js:357)
  (anonymous function) (http://static.pubmed.gov/core/jig/1.13.1/js/jquery.ui.widgets.min.js:356)
  dispatch (http://static.pubmed.gov/core/jig/1.13.1/js/jig.min.js:76)
  l (http://static.pubmed.gov/core/jig/1.13.1/js/jig.min.js:68)
  trigger (http://static.pubmed.gov/core/jig/1.13.1/js/jig.min.js:73)
  (anonymous function) (http://static.pubmed.gov/core/jig/1.13.1/js/jig.min.js:88)
  each (http://static.pubmed.gov/core/jig/1.13.1/js/jig.min.js:26)
  each (http://static.pubmed.gov/core/jig/1.13.1/js/jig.min.js:20)
  trigger (http://static.pubmed.gov/core/jig/1.13.1/js/jig.min.js:88)
  _displayTheRows (http://static.pubmed.gov/core/jig/1.13.1/js/jquery.ui.widgets.min.js:386)
  _wrapUpProcessing (http://static.pubmed.gov/core/jig/1.13.1/js/jquery.ui.widgets.min.js:385)
  _processData (http://static.pubmed.gov/core/jig/1.13.1/js/jquery.ui.widgets.min.js:384)
  success (http://static.pubmed.gov/core/jig/1.13.1/js/jquery.ui.widgets.min.js:383)
  t (http://static.pubmed.gov/core/jig/1.13.1/js/jig.min.js:32)
  fireWith (http://static.pubmed.gov/core/jig/1.13.1/js/jig.min.js:34)
  d (http://static.pubmed.gov/core/jig/1.13.1/js/jig.min.js:155)
  b (http://static.pubmed.gov/core/jig/1.13.1/js/jig.min.js:166)

  :262 in error
[ERROR - 2015-06-17T12:09:35.727Z] Session [a77004e0-14e9-11e5-b614-199622046f0e] - page.onError - msg: TypeError: undefined is not an object (evaluating 'jQuery.ui.jig')

  :262 in error
[ERROR - 2015-06-17T12:09:35.727Z] Session [a77004e0-14e9-11e5-b614-199622046f0e] - page.onError - stack:
  (anonymous[ERROR - 2015-06-17T12:09:38.253Z] Session [a3cdd7e0-14e9-11e5-a180-2bce5600e235] - page.onError - msg: TypeError: undefined is not a function (evaluating 'I[s](G)')

  :262 in error
[ERROR - 2015-06-17T12:09:38.253Z] Session [a3cdd7e0-14e9-11e5-a180-2bce5600e235] - page.onError - stack:
  (anonymous function) (http://static.pubmed.gov/core/jig/1.13.1/js/jig.min.js:260)
  each (http://static.pubmed.gov/core/jig/1.13.1/js/jig.min.js:26)
  each (http://static.pubmed.gov/core/jig/1.13.1/js/jig.min.js:20)
  scanjig (http://static.pubmed.gov/core/jig/1.13.1/js/jig.min.js:260)
  (anonymous function) (http://static.pubmed.gov/core/jig/1.13.1/js/jig.min.js:263)
  t (http://static.pubmed.gov/core/jig/1.13.1/js/jig.min.js:32)
  fireWith (http://static.pubmed.gov/core/jig/1.13.1/js/jig.min.js:34)
  ready (http://static.pubmed.gov/core/jig/1.13.1/js/jig.min.js:22)
  k (http://static.pubmed.gov/core/jig/1.13.1/js/jig.min.js:31)

  :262 in error
[ERROR - 2015-06-17T12:09:38.266Z] Session [a3cdd7e0-14e9-11e5-a180-2bce5600e235] - page.onError - msg: TypeError: undefined is not a function (evaluating 'theSearchInput.ncbiautocomplete("turnOff",true)')

  :262 in error
[ERROR - 2015-06-17T12:09:38.266Z] Session [a3cdd7e0-14e9-11e5-a180-2bce5600e235] - page.onError - stack:
  onDbChange (http://static.pubmed.gov/portal/portal3rc.fcgi/4050480/js/3920240/4010805/3812534/4025445/3812535/3781604/4031606/3879255/3728312/4041748/4025474/6474/3908752/3758627/1778515/3967034/6358/3968635/1689922/3816816/3887815/3887817/3317080/2868104/31971/35962/35603/33966/35599/35596/35601/35595/35602/3397055/4001808.js:242)
  dispatch (http://ww[ERROR - 2015-06-17T12:09:45.553Z] Session [a77004e0-14e9-11e5-b614-199622046f0e] - page.onError - msg: TypeError: undefined is not a function (evaluating 'I[s](G)')

  :262 in error
[ERROR - 2015-06-17T12:09:45.553Z] Session [a77004e0-14e9-11e5-b614-199622046f0e] - page.onError - stack:
  (anonymous function) (http://static.pubmed.gov/core/jig/1.13.1/js/jig.min.js:260)
  each (http://static.pubmed.gov/core/jig/1.13.1/js/jig.min.js:26)
  each (http://static.pubmed.gov/core/jig/1.13.1/js/jig.min.js:20)
  scanjig (http://static.pubmed.gov/core/jig/1.13.1/js/jig.min.js:260)
  (anonymous function) (http://static.pubmed.gov/core/jig/1.13.1/js/jig.min.js:263)
  t (http://static.pubmed.gov/core/jig/1.13.1/js/jig.min.js:32)
  fireWith (http://static.pubmed.gov/core/jig/1.13.1/js/jig.min.js:34)
  ready (http://static.pubmed.gov/core/jig/1.13.1/js/jig.min.js:22)
  k (http://static.pubmed.gov/core/jig/1.13.1/js/jig.min.js:31)

  :262 in error
[ERROR - 2015-06-17T12:09:45.562Z] Session [a77004e0-14e9-11e5-b614-199622046f0e] - page.onError - msg: TypeError: undefined is not a function (evaluating 'theSearchInput.ncbiautocomplete("turnOff",true)')

  :262 in error
[ERROR - 2015-06-17T12:09:45.562Z] Session [a77004e0-14e9-11e5-b614-199622046f0e] - page.onError - stack:
  onDbChange (http://static.pubmed.gov/portal/portal3rc.fcgi/4050480/js/3920240/4010805/3812534/4025445/3812535/3781604/4031606/3879255/3728312/4041748/4025474/6474/3908752/3758627/1778515/3967034/6358/3968635/1689922/3816816/3887815/3887817/3317080/2868104/31971/35962/35603/33966/35599/35596/35601/35595/35602/3397055/4001808.js:242)
  dispatch (http://www.ncbi.nlm.nih.gov/core/jquery/jquery-1.7.2.js:3332)
  eventHandle (http://www.ncbi.nlm.nih.gov/core/jquery/jquery-1.7.2.js:2941)
  trigger (http://www.ncbi.nlm.nih.gov/core/jquery/jquery-1.7.2.js:3210)
  (anonymous function) (http://www.ncbi.nlm.nih.gov/core/jquery/jquery-1.7.2.js:3869)
  each (http://www.ncbi.nlm.nih.gov/core/jquery/jquery-1.7.2.js:660)
  each (http://www.ncbi.nlm.nih.gov/core/jquery/jquery-1.7.2.js:271)
  trigger (http://www.ncbi.nlm.nih.gov/core/jquery/jquery-1.7.2.js:3868)
  (anonymous function) (http://static.pubmed.gov/portal/portal3rc.fcgi/4050480/js/3920240/4010805/3812534/4025445/3812535/3781604/4031606/3879255/3728312/4041748/4025474/6474/3908752/3758627/1778515/3967034/6358/3968635/1689922/3816816/3887815/3887817/3317080/2868104/31971/35962/35603/33966/35599/35596/35601/35595/35602/3397055/4001808.js:314)
  fire (http://www.ncbi.nlm.nih.gov/core/jquery/jquery-1.7.2.js:1075)
  fireWith (http://www.ncbi.nlm.nih.gov/core/jquery/jquery-1.7.2.js:1193)
  ready (http://www.ncbi.nlm.nih.gov/core/jquery/jquery-1.7.2.j[ERROR - 2015-06-17T12:09:48.413Z] Session [a504aa30-14e9-11e5-8214-331f961ea636] - page.onError - msg: TypeError: undefined is not a function (evaluating 'I[s](G)')

  :262 in error
[ERROR - 2015-06-17T12:09:48.413Z] Session [a504aa30-14e9-11e5-8214-331f961ea636] - page.onError - stack:
  (anonymous function) (http://static.pubmed.gov/core/jig/1.13.1/js/jig.min.js:260)
  each (http://static.pubmed.gov/core/jig/1.13.1/js/jig.min.js:26)
  each (http://static.pubmed.gov/core/jig/1.13.1/js/jig.min.js:20)
  scanjig (http://static.pubmed.gov/core/jig/1.13.1/js/jig.min.js:260)
  (anonymous function) (http://static.pubmed.gov/core/jig/1.13.1/js/jig.min.js:263)
  t (http://static.pubmed.gov/core/jig/1.13.1/js/jig.min.js:32)
  fireWith (http://static.pubmed.gov/core/jig/1.13.1/js/jig.min.js:34)
  ready (http://static.pubmed.gov/core/jig/1.13.1/js/jig.min.js:22)
  k (http://static.pubmed.gov/core/jig/1.13.1/js/jig.min.js:31)

  :262 in error
[ERROR - 2015-06-17T12:09:48.434Z] Session [a504aa30-14e9-11e5-8214-331f961ea636] - page.onError - msg: TypeError: undefined is not a function (evaluating 'theSearchInput.ncbiautocomplete("turnOff",true)')

  :262 in error
[ERROR - 2015-06-17T12:09:48.434Z] Session [a504aa30-14e9-11e5-8214-331f961ea636] - page.onError - stack:
  onDbChange (http://static.pubmed.gov/portal/portal3rc.fcgi/4050480/js/3920240/4010805/3812534/4025445/3812535/3781604/4031606/3879255/3728312/4041748/4025474/6474/3908752/3758627/1778515/3967034/6358/3968635/1689922/3816816/3887815/3887817/3317080/2868104/31971/35962/35603/33966/35599/35596/35601/35595/35602/3397055/4001808.js:242)
  dispatch (http://www.ncbi.nlm.nih.gov/core/jquery/jquery-1.7.2.js:3332)
  eventHandle (http://www.ncbi.nlm.nih.gov/core/jquery/jquery-1.7.2.js:2941)
  trigger (http://www.ncbi.nlm.nih.gov/core/jquery/jquery-1.7.2.js:3210)
  (anonymous function) (http://www.ncbi.nlm.nih.gov/core/jquery/jquery-1.7.2.js:3869)
  each (http://www.ncbi.nlm.ni[ERROR - 2015-06-17T12:09:55.752Z] Session [a77004e0-14e9-11e5-b614-199622046f0e] - page.onError - msg: TypeError: undefined is not a function (evaluating 'I[s](G)')

  :262 in error
[ERROR - 2015-06-17T12:09:55.752Z] Session [a77004e0-14e9-11e5-b614-199622046f0e] - page.onError - stack:
  (anonymous function) (http://static.pubmed.gov/core/jig/1.13.1/js/jig.min.js:260)
  each (http://static.pubmed.gov/core/jig/1.13.1/js/jig.min.js:26)
  each (http://static.pubmed.gov/core/jig/1.13.1/js/jig.min.js:20)
  scanjig (http://static.pubmed.gov/core/jig/1.13.1/js/jig.min.js:260)
  (anonymous function) (http://static.pubmed.gov/core/jig/1.13.1/js/jig.min.js:263)
  t (http://static.pubmed.gov/core/jig/1.13.1/js/jig.min.js:32)
  fireWith (http://static.pubmed.gov/core/jig/1.13.1/js/jig.min.js:34)
  ready (http://static.pubmed.gov/core/jig/1.13.1/js/jig.min.js:22)
  k (http://static.pubmed.gov/core/jig/1.13.1/js/jig.min.js:31)

  :262 in error
[ERROR - 2015-06-17T12:09:55.766Z] Session [a77004e0-14e9-11e5-b614-199622046f0e] - page.onError - msg: TypeError: undefined is not a function (evaluating 'theSearchInput.ncbiautocomplete("turnOff",true)')

  :262 in error
[ERROR - 2015-06-17T12:09:55.767Z] Session [a77004e0-14e9-11e5-b614-199622046f0e] - page.onError - stack:
  onDbChange (http://static.pubmed.gov/portal/portal3rc.fcgi/4050480/js/3920240/4010805/381253[ERROR - 2015-06-17T12:09:58.552Z] Session [a504aa30-14e9-11e5-8214-331f961ea636] - page.onError - msg: TypeError: undefined is not a function (evaluating 'I[s](G)')

  :262 in error
[ERROR - 2015-06-17T12:09:58.552Z] Session [a504aa30-14e9-11e5-8214-331f961ea636] - page.onError - stack:
  (anonymous function) (http://static.pubmed.gov/core/jig/1.13.1/js/jig.min.js:260)
  each (http://static.pubmed.gov/core/jig/1.13.1/js/jig.min.js:26)
  each (http://static.pubmed.gov/core/jig/1.13.1/js/jig.min.js:20)
  scanjig (http://static.pubmed.gov/core/jig/1.13.1/js/jig.min.js:260)
  (anonymous function) (http://static.pubmed.gov/core/jig/1.13.1/js/jig.min.js:263)
  t (http://static.pubmed.gov/core/jig/1.13.1/js/jig.min.js:32)
  fireWith (http://static.pubmed.gov/core/jig/1.13.1/js/jig.min.js:34)
  ready (http://static.pubmed.gov/core/jig/1.13.1/js/jig.min.js:22)
  k (http://static.pubmed.gov/core/jig/1.13.1/js/jig.min.js:31)

  :262 in error
[ERROR - 2015-06-17T12:09:58.560Z] Session [a504aa30-14e9-11e5-8214-331f961ea636] - page.onError - msg: TypeError: undefined is not a function (evaluating 'theSearchInput.ncbiautocomplete("turnOff",true)')

  :262 in error
[ERROR - 2015-06-17T12:09:58.560Z] Session [a504aa30-14e9-11e5-8214-331f961ea636] - page.onError - stack:
  onDbChange (http://static.pubmed.gov/portal/portal3rc.fcgi/4050480/js/3920240/4010805/3812534/4025445/3812535/3781604/4031606/3879255/3728312/4041748/4025474/6474/3908752/3758627/1778515/3967034/6358/3968635/1689922/3816816/3887815/3887817/3317080/2868104/31971/35962/35603/33966/35599/35596/35601/35595/35602/3397055/4001808.js:242)
  dispatch (http://www.ncbi.nlm.nih.gov/core/jquery/jquery-1.7.2.js:3332)
  eventHandle (http://www.ncbi.nlm.nih.gov/core/jquery/jquery-1.7.2.js:2941)
  trigger (http://www.ncbi.nlm.nih.gov/core/jquery/jquery-1.7.2.js:3210)
  (anonymous function) (http://www.ncbi.nlm.nih.gov/core/jquery/jquery-1.7.2.js:3869)
  each (http://www.ncbi.nlm.ni[ERROR - 2015-06-17T12:09:58.780Z] Session [a77004e0-14e9-11e5-b614-199622046f0e] - page.onError - msg: TypeError: undefined is not an object (evaluating 'from_cgi.SeqInfo.links = this.SeqInfo.links')

  :262 in error
[ERROR - 2015-06-17T12:09:58.780Z] Session [a77004e0-14e9-11e5-b614-199622046f0e] - page.onError - stack:
  checkJobStatus (http://www.ncbi.nlm.nih.gov[ERROR - 2015-06-17T12:10:00.728Z] Session [a63a9220-14e9-11e5-873b-8148cf7d9359] - page.onError - msg: TypeError: undefined is not a function (evaluating 'I[s](G)')

  :262 in error
[ERROR - 2015-06-17T12:10:00.729Z] Session [a63a9220-14e9-11e5-873b-8148cf7d9359] - page.onError - stack:
  (anonymous function) (http://static.pubmed.gov/core/jig/1.13.1/js/jig.min.js:260)
  each (http://static.pubmed.gov/core/jig/1.13.1/js/jig.min.js:26)
  each (http://static.pubmed.gov/core/jig/1.13.1/js/jig.min.js:20)
  scanjig (http://static.pubmed.gov/core/jig/1.13.1/js/jig.min.js:260)
  (anonymous function) (http://static.pubmed.gov/core/jig/1.13.1/js/jig.min.js:263)
  t (http://static.pubmed.gov/core/jig/1.13.1/js/jig.min.js:32)
  fireWith (http://static.pubmed.gov/core/jig/1.13.1/js/jig.min.js:34)
  ready (http://sta[ERROR - 2015-06-17T12:10:05.763Z] Session [a77004e0-14e9-11e5-b614-199622046f0e] - page.onError - msg: TypeError: undefined is not a function (evaluating 'I[s](G)')

  :262 in error
[[ERROR - 2015-06-17T12:10:08.373Z] Session [a504aa30-14e9-11e5-8214-331f961ea636] - page.onError - msg: TypeError: undefined is not a function (evaluating 'I[s](G)')

  :262 in error
[ERROR - 2015-06-17T12:10:08.373Z] Session [a504aa30-14e9-11e5-8214-331f961ea636] - page.onError - stack:
  (anonymous function) (http://static.pubmed.gov/core/jig/1.13.1/js/jig.min.js:260)
  each (http://static.pubmed.gov/core/jig/1.13.1/js/jig.min.js:26)
  each (http://static.pubmed.gov/core/jig/1.13.1/js/jig.min.js:20)
  scanjig (http://static.pubmed.gov/core/jig/1.13.1/js/jig.min.js:260)
  (anonymous function) (http://static.pubmed.gov/core/jig/1.13.1/js/jig.min.js:263)
  t (http://static.pubmed.gov/core/jig/1.13.1/js/jig.min.js:32)
  fireWith (http://static.pubmed.gov/core/jig/1.13.1/js/jig.min.js:34)
  ready (http://static.pubmed.gov/core/jig/1.13.1/js/jig.min.js:22)
  k (http://static.pubmed.gov/core/jig/1.13.1/js/jig.min.js:31)

  :262 in error
[ERROR - 2015-06-17T12:10:08.382Z] Session [a504aa30-14e9-11e5-8214-331f961ea636] - page.onError - msg: TypeError: undefined is not a function (evaluating 'theSearchInput.ncbiautocomplete("turnOff",true)')

  :262 in error
[ERROR - 2015-06-17T12:10:08.382Z] Session [a504aa30-14e9-11e5-8214-331f961ea636] - page.onError - stack:
  onDbChange (http://static.pubmed.gov/portal/portal3rc.fcgi/4050480/js/3920240/4010805/3812534/4025445/3812535/3781604/4031606/3879255/3728312/4041748/4025474/6474/3908752/3758627/1778515/3967034/6358/3968635/1689922/3816816/3887815/3887817/3317080/2868104/31971/35962/35603/33966/35599/35596/35601/35595/35602/3397055/4001808.js:242)
  dispatch (http://www.ncbi.nlm.nih.gov/core/jquery/jquery-1.7.2.js:3332)
  eventHandle (http://www.ncbi.nlm.nih.gov/core/jquery/jquery-1.7.2.js:2941)
  trigger (http://www.ncbi.nlm.nih.gov/core/jquery/jquery-1.7.2.js:3210)
  (anonymous function) (http://www.ncbi.nlm.nih.gov/core/jquery/jquery-1.7.2.js:3869)
  each (http://www.ncbi.nlm.nih.gov/core/jquery/jquery-1.7.2.js:660)
  each (http://www.ncbi.nlm.nih.gov/core/jquery/jquery-1.7.2.js:271)
  trigger (http://www.ncbi.nlm.nih.gov/core/jquery/jquery-1.7.2.js:3868)
  (anonymous function) (http://static.pubmed.gov/portal/portal3rc.fcgi/4050480/js/3920240/4010805/3812534/4025445/3812535/3781604/4031606/3879255/3728312/4041748/4025474/6474/3908752/3758627/1778515/3967034/6358/3968635/1689922/3816816/3887815/3887817/3317080/2868104/31971/35962/35603/33966/35599/35596/35601/35595/35602/3397055/4001808.js:314)
  fire (http://www.ncbi.nlm.nih.gov/core/jquery/jquery-1.7.2.js:1075)
  fireWith (http://www.ncbi.nlm.nih.gov/core/jquery/jquery-1.7.2.js:1193)
  ready (http://www.ncbi.nlm.nih.gov/core/jquery/jquery-1.7.2.js:435)
  DOMContentLoaded (http://www.ncbi.nlm.nih.gov/core/jquery/jquery-1.7.2.js:949)

  :262 in error
[ERROR - 2015-06-17T12:10:08.572Z] Session [a504aa30-14e9-11e5-8214-331f961ea636] - page.onError - msg: TypeError: undefined is not an object (evaluating 'jQuery.ui.jig')

  :262 in error
[ERROR - 2015-06-17T12:10:08.572Z] Session [a504aa30-14e9-11e5-8214-331f961ea636] - page.onError - stack:
  (anonymous function) (http://static.pubmed.gov/cor[ERROR - 2015-06-17T12:10:16.480Z] Session [a77004e0-14e9-11e5-b614-199622046f0e] - page.onError - msg: TypeError: undefined is not a function (evaluating 'I[s](G)')

  :262 in error
[[ERROR - 2015-06-17T12:10:34.511Z] Session [a504aa30-14e9-11e5-8214-331f961ea636] - page.onError - msg: TypeError: undefined is not an object (evaluating 'from_cgi.SeqInfo.links = this.SeqInfo.links')

  :262 in error
[ERROR - 2015-06-17T12:10:34.511Z] Session [a504aa30-14e9-11e5-8214-331f961ea636] - page.onError - stack:
  checkJobStatus (http://www.ncbi.nlm.nih.gov/projects/sviewer/js/main.js:14532)
  t (http://static.pubmed.gov/core/jig/1.13.1/js/jig.min.js:32)
  fireWith (http://static.pubmed.gov/core/jig/1.13.1/js/jig.min.js:34)
  d (http://static.pubmed.gov/core/jig/1.13.1/js/jig.min.js:155)
  b (http://static.pubmed.gov/core/jig/1.13.1/js/jig.min.js:166)
  openUrl (:0)
  open (:280)
  (anonymous function) (:/ghostdriver/request_handlers/session_request_handler.js:495)
  _execFuncAndWaitForLoadDecorator (:/ghostdriver/session.js:212)
  _postUrlCommand (:/ghostdriver/request_handlers/session_request_handler.js:494)
  _handle (:/ghostdriver/request_handlers/session_request_handler.js:91)
  _reroute (:/ghostdriver/request_handlers/request_handler.js:61)
  _handle (:/ghostdriver/request_handlers/router_request_handler.js:78)

  :262 in error
[ERROR - 2015-06-17T12:10:41.007Z] Session [a504aa30-14e9-11e5-8214-331f961ea636] - page.onError - msg: TypeError: undefined is not a function (evaluating 'I[s](G)')

  :262 in error
[ERROR - 2015-06-17T12:10:41.007Z] Session [a504aa30-14e9-11e5-8214-331f961ea636] - page.onError - stack:
  (anonymous function) (http://static.pubmed.gov/core/jig/1.13.1/js/jig.min.js:260)
  each (http://static.pubmed.gov/core/jig/1.13.1/js/jig.min.js:26)
  each (http://static.pubmed.gov/core/jig/1.13.1/js/jig.min.js:20)
  scanjig (http://static.pubmed.gov/core/jig/1.13.1/js/jig.min.js:260)
  (anonymous function) (http://static.pubmed.gov/core/jig/1.13.1/js/jig.min.js:263)
  t (http://static.pubmed.gov/core/jig/1.13.1/js/jig.min.js:32)
  fireWith (http://static.pubmed.gov/core/jig/1.13.1/js/jig.min.js:34)
  ready (http://static.pubmed.gov/core/jig/1.13.1/js/jig.min.js:22)
  k (http://static.pubmed.gov/core/jig/1.13.1/js/jig.min.js:31)

  :262 in error
[ERROR - 2015-06-17T12:10:41.015Z] Session [a504aa30-14e9-11e5-8214-331f961ea636] - page.onError - msg: TypeError: undefined is not a function (evaluating 'theSearchInput.ncbiautocomplete("turnOff",true)')

  :262 in error
[ERROR - 2015-06-17T12:10:41.015Z] Session [a504aa30-14e9-11e5-8214-331f961ea636] - page.onError - stack:
  onDbChange (http://static.pubmed.gov/portal/portal3rc.fcgi/4050480/js/3920240/4010805/3812534/4025445/3812535/3781604/4031606/3879255/3728312/4041748/4025474/6474/3908752/3758627/1778515/3967034/6358/3968635/1689922/3816816/3887815/3887817/3317080/2868104/31971/35962/35603/33966/35599/35596/35601/35595/35602/3397055/4001808.js:242)
  dispatch (http://www.ncbi.nlm.nih.gov/core/jquery/jquery-1.7.2.js:3332)
  eventHandle (http://www.ncbi.nlm.nih.gov/core/jquery/jquery-1.7.2.js:2941)
  trigger (http://www.ncbi.nlm.nih.gov/core/jquery/jquery-1.7.2.js:3210)
  (anonymous function) (http://www.ncbi.nlm.nih.gov/core/jquery/jquery-1.7.2.js:3869)
  each (http://www.ncbi.nlm.nih.gov/core/jquery/jquery-1.7.2.js:660)
  each (http://www.ncbi.nlm.nih.gov/core/jquery/jquery-1.7.2.js:271)
  trigger (http://www.ncbi.nlm.nih.gov/core/jquery/jquery-1.7.2.js:3868)
  (anonymous function) (http://static.pubmed.gov/portal/portal3rc.fcgi/4050480/js/3920240/4010805/3812534/4025445/3812535/3781604/4031606/3879255/3728312/4041748/4025474/6474/3908752/3758627/1778515/3967034/6358/3968635/1689922/3816816/3887815/3887817/3317080/2868104/31971/35962/35603/33966/35599/35596/35601/35595/35602/3397055/4001808.js:314)
  fire (http://www.ncbi.nlm.nih.gov/core/jquery/jquery-1.7.2.js:1075)
  fireWith (http://www.ncbi.nlm.nih.gov/core/jquery/jquery-1.7.2.js:1193)
  ready (http://www.ncbi.nlm.nih.gov/core/jquery/jquery-1.7.2.js:435)
  DOMContentLoaded (http://www.ncbi.nlm.nih.gov/core/jquery/jquery-1.7.2.js:949)

  :262 in error
[ERROR - 2015-06-17T12:10:41.036Z] Session [a504aa30-14e9-11e5-8214-331f961ea636] - page.onError - msg: TypeError: undefined is not an object (evaluating 'jQuery.ui.jig')

  :262 in error
[ERROR - 2015-06-17T12:10:41.036Z] Session [a504aa30-14e9-11e5-8214-331f961ea636] - page.onError - stack:
  (anonymous function) (http://static.pubmed.gov/core/jig/1.13.1/js/jig.min.js:248)
  dispatch (http://static.pubmed.gov/core/jig/1.13.1/js/jig.min.js:76)
  l (http://static.pubmed.gov/core/jig/1.13.1/js/jig.min.js:68)

  :262 in error
[ERROR - 2015-06-17T12:10:50.307Z] Session [a504aa30-14e9-11e5-8214-331f961ea636] - page.onError - msg: TypeError: undefined is not a function (evaluating 'I[s](G)')

  :262 in error
[ERROR - 2015-06-17T12:10:50.307Z] Session [a504aa30-14e9-11e5-8214-331f961ea636] - page.onError - stack:
  (anonymous function) (http://static.pubmed.gov/core/jig/1.13.1/js/jig.min.js:260)
  each (http://static.pubmed.gov/core/jig/1.13.1/js/jig.min.js:26)
  each (http://static.pubmed.gov/core/jig/1.13.1/js/jig.min.js:20)
  scanjig (http://static.pubmed.gov/core/jig/1.13.1/js/jig.min.js:260)
  (anonymous function) (http://static.pubmed.gov/core/jig/1.13.1/js/jig.min.js:263)
  t (http://static.pubmed.gov/core/jig/1.13.1/js/jig.min.js:32)
  fireWith (http://static.pubmed.gov/core/jig/1.13.1/js/jig.min.js:34)
  ready (http://static.pubmed.gov/core/jig/1.13.1/js/jig.min.js:22)
  k (http://static.pubmed.gov/core/jig/1.13.1/js/jig.min.js:31)

  :262 in error
[ERROR - 2015-06-17T12:10:50.315Z] Session [a504aa30-14e9-11e5-8214-331f961ea636] - page.onError - msg: TypeError: undefined is not a function (evaluating 'theSearchInput.ncbiautocomplete("turnOff",true)')

  :262 in error
[ERROR - 2015-06-17T12:10:50.315Z] Session [a504aa30-14e9-11e5-8214-331f961ea636] - page.onError - stack:
  onDbChange (http://static.pubmed.gov/portal/portal3rc.fcgi/4050480/js/3920240/4010805/3812534/4025445/3812535/3781604/4031606/3879255/3728312/4041748/4025474/6474/3908752/3758627/1778515/3967034/6358/3968635/1689922/3816816/3887815/3887817/3317080/2868104/31971/35962/35603/33966/35599/35596/35601/35595/35602/3397055/4001808.js:242)
  dispatch (http://www.ncbi.nlm.nih.gov/core/jquery/jquery-1.7.2.js:3332)
  eventHandle (http://www.ncbi.nlm.nih.gov/core/jquery/jquery-1.7.2.js:2941)
  trigger (http://www.ncbi.nlm.nih.gov/core/jquery/jquery-1.7.2.js:3210)
  (anonymous function) (http://www.ncbi.nlm.nih.gov/core/jquery/jquery-1.7.2.js:3869)
  each (http://www.ncbi.nlm.nih.gov/core/jquery/jquery-1.7.2.js:660)
  each (http://www.ncbi.nlm.nih.gov/core/jquery/jquery-1.7.2.js:271)
  trigger (http://www.ncbi.nlm.nih.gov/core/jquery/jquery-1.7.2.js:3868)
  (anonymous function) (http://static.pubmed.gov/portal/portal3rc.fcgi/4050480/js/3920240/4010805/3812534/4025445/3812535/3781604/4031606/3879255/3728312/4041748/4025474/6474/3908752/3758627/1778515/3967034/6358/3968635/1689922/3816816/3887815/3887817/3317080/2868104/31971/35962/35603/33966/35599/35596/35601/35595/35602/3397055/4001808.js:314)
  fire (http://www.ncbi.nlm.nih.gov/core/jquery/jquery-1.7.2.js:1075)
  fireWith (http://www.ncbi.nlm.nih.gov/core/jquery/jquery-1.7.2.js:1193)
  ready (http://www.ncbi.nlm.nih.gov/core/jquery/jquery-1.7.2.js:435)
  DOMContentLoaded (http://www.ncbi.nlm.nih.gov/core/jquery/jquery-1.7.2.js:949)

  :262 in error
[ERROR - 2015-06-17T12:10:50.340Z] Session [a504aa30-14e9-11e5-8214-331f961ea636] - page.onError - msg: TypeError: undefined is not an object (evaluating 'jQuery.ui.jig')

  :262 in error
[ERROR - 2015-06-17T12:10:50.341Z] Session [a504aa30-14e9-11e5-8214-331f961ea636] - page.onError - stack:
  (anonymous function) (http://static.pubmed.gov/core/jig/1.13.1/js/jig.min.js:248)
  dispatch (http://static.pubmed.gov/core/jig/1.13.1/js/jig.min.js:76)
  l (http://static.pubmed.gov/core/jig/1.13.1/js/jig.min.js:68)

  :262 in error
[ERROR - 2015-06-17T12:10:53.089Z] Session [a504aa30-14e9-11e5-8214-331f961ea636] - page.onError - msg: TypeError: undefined is not an object (evaluating 'this.m_ViewParams['id']')

  :262 in error
[ERROR - 2015-06-17T12:10:53.089Z] Session [a504aa30-14e9-11e5-8214-331f961ea636] - page.onError - stack:
  infoLoaded (http://www.ncbi.nlm.nih.gov/projects/sviewer/js/main.js:15759)
  success (http://www.ncbi.nlm.nih.gov/projects/sviewer/js/main.js:15701)
  checkJobStatus (http://www.ncbi.nlm.nih.gov/projects/sviewer/js/main.js:14535)
  fire (http://www.ncbi.nlm.nih.gov/core/jquery/jquery-1.7.2.js:1075)
  fireWith (http://www.ncbi.nlm.nih.gov/core/jquery/jquery-1.7.2.js:1193)
  done (http://www.ncbi.nlm.nih.gov/core/jquery/jquery-1.7.2.js:7540)
  callback (http://www.ncbi.nlm.nih.gov/core/jquery/jquery-1.7.2.js:8324)
  openUrl (:0)
  open (:280)
  (anonymous function) (:/ghostdriver/request_handlers/session_request_handler.js:495)
  _execFuncAndWaitForLoadDecorator (:/ghostdriver/session.js:212)
  _postUrlCommand (:/ghostdriver/request_handlers/session_request_handler.js:494)
  _handle (:/ghostdriver/request_handlers/session_request_handler.js:91)
  _reroute (:/ghostdriver/request_handlers/request_handler.js:61)
  _handle (:/ghostdriver/request_handlers/router_request_handler.js:78)

  :262 in error
[ERROR - 2015-06-17T12:10:59.753Z] Session [a504aa30-14e9-11e5-8214-331f961ea636] - page.onError - msg: TypeError: undefined is not a function (evaluating 'I[s](G)')

  :262 in error
[ERROR - 2015-06-17T12:10:59.753Z] Session [a504aa30-14e9-11e5-8214-331f961ea636] - page.onError - stack:
  (anonymous function) (http://static.pubmed.gov/core/jig/1.13.1/js/jig.min.js:260)
  each (http://static.pubmed.gov/core/jig/1.13.1/js/jig.min.js:26)
  each (http://static.pubmed.gov/core/jig/1.13.1/js/jig.min.js:20)
  scanjig (http://static.pubmed.gov/core/jig/1.13.1/js/jig.min.js:260)
  (anonymous function) (http://static.pubmed.gov/core/jig/1.13.1/js/jig.min.js:263)
  t (http://static.pubmed.gov/core/jig/1.13.1/js/jig.min.js:32)
  fireWith (http://static.pubmed.gov/core/jig/1.13.1/js/jig.min.js:34)
  ready (http://static.pubmed.gov/core/jig/1.13.1/js/jig.min.js:22)
  k (http://static.pubmed.gov/core/jig/1.13.1/js/jig.min.js:31)

  :262 in error
[ERROR - 2015-06-17T12:10:59.761Z] Session [a504aa30-14e9-11e5-8214-331f961ea636] - page.onError - msg: TypeError: undefined is not a function (evaluating 'theSearchInput.ncbiautocomplete("turnOff",true)')

  :262 in error
[ERROR - 2015-06-17T12:10:59.761Z] Session [a504aa30-14e9-11e5-8214-331f961ea636] - page.onError - stack:
  onDbChange (http://static.pubmed.gov/portal/portal3rc.fcgi/4050480/js/3920240/4010805/3812534/4025445/3812535/3781604/4031606/3879255/3728312/4041748/4025474/6474/3908752/3758627/1778515/3967034/6358/3968635/1689922/3816816/3887815/3887817/3317080/2868104/31971/35962/35603/33966/35599/35596/35601/35595/35602/3397055/4001808.js:242)
  dispatch (http://www.ncbi.nlm.nih.gov/core/jquery/jquery-1.7.2.js:3332)
  eventHandle (http://www.ncbi.nlm.nih.gov/core/jquery/jquery-1.7.2.js:2941)
  trigger (http://www.ncbi.nlm.nih.gov/core/jquery/jquery-1.7.2.js:3210)
  (anonymous function) (http://www.ncbi.nlm.nih.gov/core/jquery/jquery-1.7.2.js:3869)
  each (http://www.ncbi.nlm.nih.gov/core/jquery/jquery-1.7.2.js:660)
  each (http://www.ncbi.nlm.nih.gov/core/jquery/jquery-1.7.2.js:271)
  trigger (http://www.ncbi.nlm.nih.gov/core/jquery/jquery-1.7.2.js:3868)
  (anonymous function) (http://static.pubmed.gov/portal/portal3rc.fcgi/4050480/js/3920240/4010805/3812534/4025445/3812535/3781604/4031606/3879255/3728312/4041748/4025474/6474/3908752/3758627/1778515/3967034/6358/3968635/1689922/3816816/3887815/3887817/3317080/2868104/31971/35962/35603/33966/35599/35596/35601/35595/35602/3397055/4001808.js:314)
  fire (http://www.ncbi.nlm.nih.gov/core/jquery/jquery-1.7.2.js:1075)
  fireWith (http://www.ncbi.nlm.nih.gov/core/jquery/jquery-1.7.2.js:1193)
  ready (http://www.ncbi.nlm.nih.gov/core/jquery/jquery-1.7.2.js:435)
  DOMContentLoaded (http://www.ncbi.nlm.nih.gov/core/jquery/jquery-1.7.2.js:949)

  :262 in error
[ERROR - 2015-06-17T12:10:59.879Z] Session [a504aa30-14e9-11e5-8214-331f961ea636] - page.onError - msg: TypeError: undefined is not an object (evaluating 'jQuery.ui.jig')

  :262 in error
[ERROR - 2015-06-17T12:10:59.879Z] Session [a504aa30-14e9-11e5-8214-331f961ea636] - page.onError - stack:
  (anonymous function) (http://static.pubmed.gov/core/jig/1.13.1/js/jig.min.js:248)
  dispatch (http://static.pubmed.gov/core/jig/1.13.1/js/jig.min.js:76)
  l (http://static.pubmed.gov/core/jig/1.13.1/js/jig.min.js:68)

  :262 in error
[ERROR - 2015-06-17T12:11:09.518Z] Session [a504aa30-14e9-11e5-8214-331f961ea636] - page.onError - msg: TypeError: undefined is not a function (evaluating 'I[s](G)')

  :262 in error
[ERROR - 2015-06-17T12:11:09.518Z] Session [a504aa30-14e9-11e5-8214-331f961ea636] - page.onError - stack:
  (anonymous function) (http://static.pubmed.gov/core/jig/1.13.1/js/jig.min.js:260)
  each (http://static.pubmed.gov/core/jig/1.13.1/js/jig.min.js:26)
  each (http://static.pubmed.gov/core/jig/1.13.1/js/jig.min.js:20)
  scanjig (http://static.pubmed.gov/core/jig/1.13.1/js/jig.min.js:260)
  (anonymous function) (http://static.pubmed.gov/core/jig/1.13.1/js/jig.min.js:263)
  t (http://static.pubmed.gov/core/jig/1.13.1/js/jig.min.js:32)
  fireWith (http://static.pubmed.gov/core/jig/1.13.1/js/jig.min.js:34)
  ready (http://static.pubmed.gov/core/jig/1.13.1/js/jig.min.js:22)
  k (http://static.pubmed.gov/core/jig/1.13.1/js/jig.min.js:31)

  :262 in error
[ERROR - 2015-06-17T12:11:09.527Z] Session [a504aa30-14e9-11e5-8214-331f961ea636] - page.onError - msg: TypeError: undefined is not a function (evaluating 'theSearchInput.ncbiautocomplete("turnOff",true)')

  :262 in error
[ERROR - 2015-06-17T12:11:09.527Z] Session [a504aa30-14e9-11e5-8214-331f961ea636] - page.onError - stack:
  onDbChange (http://static.pubmed.gov/portal/portal3rc.fcgi/4050480/js/3920240/4010805/3812534/4025445/3812535/3781604/4031606/3879255/3728312/4041748/4025474/6474/3908752/3758627/1778515/3967034/6358/3968635/1689922/3816816/3887815/3887817/3317080/2868104/31971/35962/35603/33966/35599/35596/35601/35595/35602/3397055/4001808.js:242)
  dispatch (http://www.ncbi.nlm.nih.gov/core/jquery/jquery-1.7.2.js:3332)
  eventHandle (http://www.ncbi.nlm.nih.gov/core/jquery/jquery-1.7.2.js:2941)
  trigger (http://www.ncbi.nlm.nih.gov/core/jquery/jquery-1.7.2.js:3210)
  (anonymous function) (http://www.ncbi.nlm.nih.gov/core/jquery/jquery-1.7.2.js:3869)
  each (http://www.ncbi.nlm.nih.gov/core/jquery/jquery-1.7.2.js:660)
  each (http://www.ncbi.nlm.nih.gov/core/jquery/jquery-1.7.2.js:271)
  trigger (http://www.ncbi.nlm.nih.gov/core/jquery/jquery-1.7.2.js:3868)
  (anonymous function) (http://static.pubmed.gov/portal/portal3rc.fcgi/4050480/js/3920240/4010805/3812534/4025445/3812535/3781604/4031606/3879255/3728312/4041748/4025474/6474/3908752/3758627/1778515/3967034/6358/3968635/1689922/3816816/3887815/3887817/3317080/2868104/31971/35962/35603/33966/35599/35596/35601/35595/35602/3397055/4001808.js:314)
  fire (http://www.ncbi.nlm.nih.gov/core/jquery/jquery-1.7.2.js:1075)
  fireWith (http://www.ncbi.nlm.nih.gov/core/jquery/jquery-1.7.2.js:1193)
  ready (http://www.ncbi.nlm.nih.gov/core/jquery/jquery-1.7.2.js:435)
  DOMContentLoaded (http://www.ncbi.nlm.nih.gov/core/jquery/jquery-1.7.2.js:949)

  :262 in error
[ERROR - 2015-06-17T12:11:09.629Z] Session [a504aa30-14e9-11e5-8214-331f961ea636] - page.onError - msg: TypeError: undefined is not an object (evaluating 'jQuery.ui.jig')

  :262 in error
[ERROR - 2015-06-17T12:11:09.629Z] Session [a504aa30-14e9-11e5-8214-331f961ea636] - page.onError - stack:
  (anonymous function) (http://static.pubmed.gov/core/jig/1.13.1/js/jig.min.js:248)
  dispatch (http://static.pubmed.gov/core/jig/1.13.1/js/jig.min.js:76)
  l (http://static.pubmed.gov/core/jig/1.13.1/js/jig.min.js:68)

  :262 in error
[ERROR - 2015-06-17T12:11:12.417Z] Session [a504aa30-14e9-11e5-8214-331f961ea636] - page.onError - msg: TypeError: undefined is not an object (evaluating 'this.m_ViewParams['id']')

  :262 in error
[ERROR - 2015-06-17T12:11:12.417Z] Session [a504aa30-14e9-11e5-8214-331f961ea636] - page.onError - stack:
  infoLoaded (http://www.ncbi.nlm.nih.gov/projects/sviewer/js/main.js:15759)
  success (http://www.ncbi.nlm.nih.gov/projects/sviewer/js/main.js:15701)
  checkJobStatus (http://www.ncbi.nlm.nih.gov/projects/sviewer/js/main.js:14535)
  fire (http://www.ncbi.nlm.nih.gov/core/jquery/jquery-1.7.2.js:1075)
  fireWith (http://www.ncbi.nlm.nih.gov/core/jquery/jquery-1.7.2.js:1193)
  done (http://www.ncbi.nlm.nih.gov/core/jquery/jquery-1.7.2.js:7540)
  callback (http://www.ncbi.nlm.nih.gov/core/jquery/jquery-1.7.2.js:8324)
  openUrl (:0)
  open (:280)
  (anonymous function) (:/ghostdriver/request_handlers/session_request_handler.js:495)
  _execFuncAndWaitForLoadDecorator (:/ghostdriver/session.js:212)
  _postUrlCommand (:/ghostdriver/request_handlers/session_request_handler.js:494)
  _handle (:/ghostdriver/request_handlers/session_request_handler.js:91)
  _reroute (:/ghostdriver/request_handlers/request_handler.js:61)
  _handle (:/ghostdriver/request_handlers/router_request_handler.js:78)

  :262 in error
[ERROR - 2015-06-17T12:11:18.665Z] Session [a504aa30-14e9-11e5-8214-331f961ea636] - page.onError - msg: TypeError: undefined is not a function (evaluating 'I[s](G)')

  :262 in error
[ERROR - 2015-06-17T12:11:18.665Z] Session [a504aa30-14e9-11e5-8214-331f961ea636] - page.onError - stack:
  (anonymous function) (http://static.pubmed.gov/core/jig/1.13.1/js/jig.min.js:260)
  each (http://static.pubmed.gov/core/jig/1.13.1/js/jig.min.js:26)
  each (http://static.pubmed.gov/core/jig/1.13.1/js/jig.min.js:20)
  scanjig (http://static.pubmed.gov/core/jig/1.13.1/js/jig.min.js:260)
  (anonymous function) (http://static.pubmed.gov/core/jig/1.13.1/js/jig.min.js:263)
  t (http://static.pubmed.gov/core/jig/1.13.1/js/jig.min.js:32)
  fireWith (http://static.pubmed.gov/core/jig/1.13.1/js/jig.min.js:34)
  ready (http://static.pubmed.gov/core/jig/1.13.1/js/jig.min.js:22)
  k (http://static.pubmed.gov/core/jig/1.13.1/js/jig.min.js:31)

  :262 in error
[ERROR - 2015-06-17T12:11:18.675Z] Session [a504aa30-14e9-11e5-8214-331f961ea636] - page.onError - msg: TypeError: undefined is not a function (evaluating 'theSearchInput.ncbiautocomplete("turnOff",true)')

  :262 in error
[ERROR - 2015-06-17T12:11:18.676Z] Session [a504aa30-14e9-11e5-8214-331f961ea636] - page.onError - stack:
  onDbChange (http://static.pubmed.gov/portal/portal3rc.fcgi/4050480/js/3920240/4010805/3812534/4025445/3812535/3781604/4031606/3879255/3728312/4041748/4025474/6474/3908752/3758627/1778515/3967034/6358/3968635/1689922/3816816/3887815/3887817/3317080/2868104/31971/35962/35603/33966/35599/35596/35601/35595/35602/3397055/4001808.js:242)
  dispatch (http://www.ncbi.nlm.nih.gov/core/jquery/jquery-1.7.2.js:3332)
  eventHandle (http://www.ncbi.nlm.nih.gov/core/jquery/jquery-1.7.2.js:2941)
  trigger (http://www.ncbi.nlm.nih.gov/core/jquery/jquery-1.7.2.js:3210)
  (anonymous function) (http://www.ncbi.nlm.nih.gov/core/jquery/jquery-1.7.2.js:3869)
  each (http://www.ncbi.nlm.nih.gov/core/jquery/jquery-1.7.2.js:660)
  each (http://www.ncbi.nlm.nih.gov/core/jquery/jquery-1.7.2.js:271)
  trigger (http://www.ncbi.nlm.nih.gov/core/jquery/jquery-1.7.2.js:3868)
  (anonymous function) (http://static.pubmed.gov/portal/portal3rc.fcgi/4050480/js/3920240/4010805/3812534/4025445/3812535/3781604/4031606/3879255/3728312/4041748/4025474/6474/3908752/3758627/1778515/3967034/6358/3968635/1689922/3816816/3887815/3887817/3317080/2868104/31971/35962/35603/33966/35599/35596/35601/35595/35602/3397055/4001808.js:314)
  fire (http://www.ncbi.nlm.nih.gov/core/jquery/jquery-1.7.2.js:1075)
  fireWith (http://www.ncbi.nlm.nih.gov/core/jquery/jquery-1.7.2.js:1193)
  ready (http://www.ncbi.nlm.nih.gov/core/jquery/jquery-1.7.2.js:435)
  DOMContentLoaded (http://www.ncbi.nlm.nih.gov/core/jquery/jquery-1.7.2.js:949)

  :262 in error
[ERROR - 2015-06-17T12:11:18.689Z] Session [a504aa30-14e9-11e5-8214-331f961ea636] - page.onError - msg: TypeError: undefined is not an object (evaluating 'jQuery.ui.jig')

  :262 in error
[ERROR - 2015-06-17T12:11:18.689Z] Session [a504aa30-14e9-11e5-8214-331f961ea636] - page.onError - stack:
  (anonymous function) (http://static.pubmed.gov/core/jig/1.13.1/js/jig.min.js:248)
  dispatch (http://static.pubmed.gov/core/jig/1.13.1/js/jig.min.js:76)
  l (http://static.pubmed.gov/core/jig/1.13.1/js/jig.min.js:68)

  :262 in error
[ERROR - 2015-06-17T12:11:28.946Z] Session [a504aa30-14e9-11e5-8214-331f961ea636] - page.onError - msg: TypeError: undefined is not a function (evaluating 'I[s](G)')

  :262 in error
[ERROR - 2015-06-17T12:11:28.946Z] Session [a504aa30-14e9-11e5-8214-331f961ea636] - page.onError - stack:
  (anonymous function) (http://static.pubmed.gov/core/jig/1.13.1/js/jig.min.js:260)
  each (http://static.pubmed.gov/core/jig/1.13.1/js/jig.min.js:26)
  each (http://static.pubmed.gov/core/jig/1.13.1/js/jig.min.js:20)
  scanjig (http://static.pubmed.gov/core/jig/1.13.1/js/jig.min.js:260)
  (anonymous function) (http://static.pubmed.gov/core/jig/1.13.1/js/jig.min.js:263)
  t (http://static.pubmed.gov/core/jig/1.13.1/js/jig.min.js:32)
  fireWith (http://static.pubmed.gov/core/jig/1.13.1/js/jig.min.js:34)
  ready (http://static.pubmed.gov/core/jig/1.13.1/js/jig.min.js:22)
  k (http://static.pubmed.gov/core/jig/1.13.1/js/jig.min.js:31)

  :262 in error
[ERROR - 2015-06-17T12:11:28.953Z] Session [a504aa30-14e9-11e5-8214-331f961ea636] - page.onError - msg: TypeError: undefined is not a function (evaluating 'theSearchInput.ncbiautocomplete("turnOff",true)')

  :262 in error
[ERROR - 2015-06-17T12:11:28.953Z] Session [a504aa30-14e9-11e5-8214-331f961ea636] - page.onError - stack:
  onDbChange (http://static.pubmed.gov/portal/portal3rc.fcgi/4050480/js/3920240/4010805/3812534/4025445/3812535/3781604/4031606/3879255/3728312/4041748/4025474/6474/3908752/3758627/1778515/3967034/6358/3968635/1689922/3816816/3887815/3887817/3317080/2868104/31971/35962/35603/33966/35599/35596/35601/35595/35602/3397055/4001808.js:242)
  dispatch (http://www.ncbi.nlm.nih.gov/core/jquery/jquery-1.7.2.js:3332)
  eventHandle (http://www.ncbi.nlm.nih.gov/core/jquery/jquery-1.7.2.js:2941)
  trigger (http://www.ncbi.nlm.nih.gov/core/jquery/jquery-1.7.2.js:3210)
  (anonymous function) (http://www.ncbi.nlm.nih.gov/core/jquery/jquery-1.7.2.js:3869)
  each (http://www.ncbi.nlm.nih.gov/core/jquery/jquery-1.7.2.js:660)
  each (http://www.ncbi.nlm.nih.gov/core/jquery/jquery-1.7.2.js:271)
  trigger (http://www.ncbi.nlm.nih.gov/core/jquery/jquery-1.7.2.js:3868)
  (anonymous function) (http://static.pubmed.gov/portal/portal3rc.fcgi/4050480/js/3920240/4010805/3812534/4025445/3812535/3781604/4031606/3879255/3728312/4041748/4025474/6474/3908752/3758627/1778515/3967034/6358/3968635/1689922/3816816/3887815/3887817/3317080/2868104/31971/35962/35603/33966/35599/35596/35601/35595/35602/3397055/4001808.js:314)
  fire (http://www.ncbi.nlm.nih.gov/core/jquery/jquery-1.7.2.js:1075)
  fireWith (http://www.ncbi.nlm.nih.gov/core/jquery/jquery-1.7.2.js:1193)
  ready (http://www.ncbi.nlm.nih.gov/core/jquery/jquery-1.7.2.js:435)
  DOMContentLoaded (http://www.ncbi.nlm.nih.gov/core/jquery/jquery-1.7.2.js:949)

  :262 in error
[ERROR - 2015-06-17T12:11:29.583Z] Session [a504aa30-14e9-11e5-8214-331f961ea636] - page.onError - msg: TypeError: undefined is not an object (evaluating 'jQuery.ui.jig')

  :262 in error
[ERROR - 2015-06-17T12:11:29.583Z] Session [a504aa30-14e9-11e5-8214-331f961ea636] - page.onError - stack:
  (anonymous function) (http://static.pubmed.gov/core/jig/1.13.1/js/jig.min.js:248)
  dispatch (http://static.pubmed.gov/core/jig/1.13.1/js/jig.min.js:76)
  l (http://static.pubmed.gov/core/jig/1.13.1/js/jig.min.js:68)

  :262 in error
[ERROR - 2015-06-17T12:11:43.912Z] Session [a504aa30-14e9-11e5-8214-331f961ea636] - page.onError - msg: TypeError: undefined is not an object (evaluating 'from_cgi.SeqInfo.links = this.SeqInfo.links')

  :262 in error
[ERROR - 2015-06-17T12:11:43.912Z] Session [a504aa30-14e9-11e5-8214-331f961ea636] - page.onError - stack:
  checkJobStatus (http://www.ncbi.nlm.nih.gov/projects/sviewer/js/main.js:14532)
  t (http://static.pubmed.gov/core/jig/1.13.1/js/jig.min.js:32)
  fireWith (http://static.pubmed.gov/core/jig/1.13.1/js/jig.min.js:34)
  d (http://static.pubmed.gov/core/jig/1.13.1/js/jig.min.js:155)
  b (http://static.pubmed.gov/core/jig/1.13.1/js/jig.min.js:166)
  openUrl (:0)
  open (:280)
  (anonymous function) (:/ghostdriver/request_handlers/session_request_handler.js:495)
  _execFuncAndWaitForLoadDecorator (:/ghostdriver/session.js:212)
  _postUrlCommand (:/ghostdriver/request_handlers/session_request_handler.js:494)
  _handle (:/ghostdriver/request_handlers/session_request_handler.js:91)
  _reroute (:/ghostdriver/request_handlers/request_handler.js:61)
  _handle (:/ghostdriver/request_handlers/router_request_handler.js:78)

  :262 in error
[ERROR - 2015-06-17T12:11:49.637Z] Session [a504aa30-14e9-11e5-8214-331f961ea636] - page.onError - msg: TypeError: undefined is not a function (evaluating 'I[s](G)')

  :262 in error
[ERROR - 2015-06-17T12:11:49[ERROR - 2015-06-17T12:11:53.995Z] Session [a3cdd7e0-14e9-11e5-a180-2bce5600e235] - page.onError - msg: TypeError: undefined is not an object (evaluating 'this.m_ViewParams['id']')

  :262 in error
[ERROR - 2015-06-17T12:11:53.995Z] Session [a3cdd7e0-14e9-11e5-a180-2bce5600e235] - page.onError - stack:
  infoLoaded (http://www.ncbi.nlm.nih.gov/projects/sviewer/js/main.js:15759)
  success (http://www.ncbi.nlm.nih.gov/projects/sviewer/js/main.js:15701)
  checkJobStatus (http://www.ncbi.nlm.nih.gov/projects/sviewer/js/main.js:14535)
  t (http://static.pubmed.gov/core/jig/1.13.1/js/jig.min.js:32)
  fireWith (http://static.pubmed.gov/core/jig/1.13.1/js/jig.min.js:34)
  d (http://static.pubmed.gov/core/jig/1.13.1/js/jig.min.js:155)
  b (http://static.pubmed.gov/core/jig/1.13.1/js/jig.min.js:166)
  openUrl (:0)
  open (:280)
  (anonymous function) (:/ghostdriver/request_handlers/session_request_handler.js:495)
  _execFuncAndWaitForLoadDecorator (:/ghostdriver/session.js:212)
  _postUrlCommand (:/ghostdriver/request_handlers/session_request_handler.js:494)
  _handle (:/ghostdriver/request_handlers/session_request_handler.js:91)
  _reroute (:/ghostdriver/request_handlers/request_handler.js:61)
  _handle (:/ghostdriver/request_handlers/router_request_handler.js:78)

  :262 in error
[ERROR - 2015-06-17T12:12:01.382Z] Session [a3cdd7e0-14e9-11e5-a180-2bce5600e235] - page.onError - msg: TypeError: undefined is not a function (evaluating 'I[s](G)')

  :262 in error
[ERROR - 2015-06-17T12:12:01.382Z] Session [a3cdd7e0-14e9-11e5-a180-2bce5600e235] - page.onError - stack:
  (anonymous function) (http://static.pubmed.gov/core/jig/1.13.1/js/jig.min.js:260)
  each (http://static.pubmed.gov/core/jig/1.13.1/js/jig.min.js:26)
  each (http://static.pubmed.gov/core/jig/1.13.1/js/jig.min.js:20)
  scanjig (http://static.pubmed.gov/core/jig/1.13.1/js/jig.min.js:260)
  (anonymous function) (http://static.pubmed.gov/core/jig/1.13.1/js/jig.min.js:263)
  t (http://static.pubmed.gov/core/jig/1.13.1/js/jig.min.js:32)
  fireWith (http://static.pubmed.gov/core/jig/1.13.1/js/jig.min.js:34)
  ready (http://static.pubmed.gov/core/jig/1.13.1/js/jig.min.js:22)
  k (http://static.pubmed.gov/core/jig/1.13.1/js/jig.min.js:31)

  :262 in error
[ERROR - 2015-06-17T12:12:01.389Z] Session [a3cdd7e0-14e9-11e5-a180-2bce5600e235] - page.onError - msg: TypeError: undefined is not a function (evaluating 'theSearchInput.ncbiautocomplete("turnOff",true)')

  :262 in error
[ERROR - 2015-06-17T12:12:01.389Z] Session [a3cdd7e0-14e9-11e5-a180-2bce5600e235] - page.onError - stack:
  onDbChange (http://static.pubmed.gov/portal/portal3rc.fcgi/4050480/js/3920240/4010805/3812534/4025445/3812535/3781604/4031606/3879255/3728312/4041748/4025474/6474/3908752/3758627/1778515/3967034/6358/3968635/1689922/3816816/3887815/3887817/3317080/2868104/31971/35962/35603/33966/35599/35596/35601/35595/35602/3397055/4001808.js:242)
  dispatch (http://www.ncbi.nlm.nih.gov/core/jquery/jquery-1.7.2.js:3332)
  eventHandle (http://www.ncbi.nlm.nih.gov/core/jquery/jquery-1.7.2.js:2941)
  trigger (http://www.ncbi.nlm.nih.gov/core/jquery/jquery-1.7.2.js:3210)
  (anonymous function) (http://www.ncbi.nlm.nih.gov/core/jquery/jquery-1.7.2.js:3869)
  each (http://www.ncbi.nlm.nih.gov/core/jquery/jquery-1.7.2.js:660)
  each (http://www.ncbi.nlm.nih.gov/core/jquery/jquery-1.7.2.js:271)
  trigger (http://www.ncbi.nlm.nih.gov/core/jquery/jquery-1.7.2.js:3868)
  (anonymous function) (http://static.pubmed.gov/portal/portal3rc.fcgi/4050480/js/3920240/4010805/3812534/4025445/3812535/3781604/4031606/3879255/3728312/4041748/4025474/6474/3908752/3758627/1778515/3967034/6358/3968635/1689922/3816816/3887815/3887817/3317080/2868104/31971/35962/35603/33966/35599/35596/35601/35595/35602/3397055/4001808.js:314)
  fire (http://www.ncbi.nlm.nih.gov/core/jquery/jquery-1.7.2.js:1075)
  fireWith (http://www.ncbi.nlm.nih.gov/core/jquery/jquery-1.7.2.js:1193)
  ready (http://www.ncbi.nlm.nih.gov/core/jquery/jquery-1.7.2.js:435)
  DOMContentLoaded (http://www.ncbi.nlm.nih.gov/core/jquery/jquery-1.7.2.js:949)

  :262 in error
[ERROR - 2015-06-17T12:12:01.924Z] Session [a3cdd7e0-14e9-11e5-a180-2bce5600e235] - page.onError - msg: TypeError: undefined is not an object (evaluating 'jQuery.ui.jig')

  :262 in error
[ERROR - 2015-06-17T12:12:01.924Z] Session [a3cdd7e0-14e9-11e5-a180-2bce5600e235] - page.onError - stack:
  (anonymous function) (http://static.pubmed.gov/core/jig/1.13.1/js/jig.min.js:248)
  dispatch (http://static.pubmed.gov/core/jig/1.13.1/js/jig.min.js:76)
  l (http://static.pubmed.gov/core/jig/1.13.1/js/jig.min.js:68)

  :262 in error
[ERROR - 2015-06-17T12:12:12.988Z] Session [a3cdd7e0-14e9-11e5-a180-2bce5600e235] - page.onError - msg: TypeError: undefined is not a function (evaluating 'I[s](G)')

  :262 in error
[ERROR - 2015-06-17T12:12:12.988Z] Session [a3cdd7e0-14e9-11e5-a180-2bce5600e235] - page.onError - stack:
  (anonymous function) (http://static.pubmed.gov/core/jig/1.13.1/js/jig.min.js:260)
  each (http://static.pubmed.gov/core/jig/1.13.1/js/jig.min.js:26)
  each (http://static.pubmed.gov/core/jig/1.13.1/js/jig.min.js:20)
  scanjig (http://static.pubmed.gov/core/jig/1.13.1/js/jig.min.js:260)
  (anonymous function) (http://static.pubmed.gov/core/jig/1.13.1/js/jig.min.js:263)
  t (http://static.pubmed.gov/core/jig/1.13.1/js/jig.min.js:32)
  fireWith (http://static.pubmed.gov/core/jig/1.13.1/js/jig.min.js:34)
  ready (http://static.pubmed.gov/core/jig/1.13.1/js/jig.min.js:22)
  k (http://static.pubmed.gov/core/jig/1.13.1/js/jig.min.js:31)

  :262 in error
[ERROR - 2015-06-17T12:12:12.998Z] Session [a3cdd7e0-14e9-11e5-a180-2bce5600e235] - page.onError - msg: TypeError: undefined is not a function (evaluating 'theSearchInput.ncbiautocomplete("turnOff",true)')

  :262 in error
[ERROR - 2015-06-17T12:12:12.998Z] Session [a3cdd7e0-14e9-11e5-a180-2bce5600e235] - page.onError - stack:
  onDbChange (http://static.pubmed.gov/portal/portal3rc.fcgi/4050480/js/3920240/4010805/3812534/4025445/3812535/3781604/4031606/3879255/3728312/4041748/4025474/6474/3908752/3758627/1778515/3967034/6358/3968635/1689922/3816816/3887815/3887817/3317080/2868104/31971/35962/35603/33966/35599/35596/35601/35595/35602/3397055/4001808.js:242)
  dispatch (http://www.ncbi.nlm.nih.gov/core/jquery/jquery-1.7.2.js:3332)
  eventHandle (http://www.ncbi.nlm.nih.gov/core/jquery/jquery-1.7.2.js:2941)
  trigger (http://www.ncbi.nlm.nih.gov/core/jquery/jquery-1.7.2.js:3210)
  (anonymous function) (http://www.ncbi.nlm.nih.gov/core/jquery/jquery-1.7.2.js:3869)
  each (http://www.ncbi.nlm.nih.gov/core/jquery/jquery-1.7.2.js:660)
  each (http://www.ncbi.nlm.nih.gov/core/jquery/jquery-1.7.2.js:271)
  trigger (http://www.ncbi.nlm.nih.gov/core/jquery/jquery-1.7.2.js:3868)
  (anonymous function) (http://static.pubmed.gov/portal/portal3rc.fcgi/4050480/js/3920240/4010805/3812534/4025445/3812535/3781604/4031606/3879255/3728312/4041748/4025474/6474/3908752/3758627/1778515/3967034/6358/3968635/1689922/3816816/3887815/3887817/3317080/2868104/31971/35962/35603/33966/35599/35596/35601/35595/35602/3397055/4001808.js:314)
  fire (http://www.ncbi.nlm.nih.gov/core/jquery/jquery-1.7.2.js:1075)
  fireWith (http://www.ncbi.nlm.nih.gov/core/jquery/jquery-1.7.2.js:1193)
  ready (http://www.ncbi.nlm.nih.gov/core/jquery/jquery-1.7.2.js:435)
  DOMContentLoaded (http://www.ncbi.nlm.nih.gov/core/jquery/jquery-1.7.2.js:949)

  :262 in error
[ERROR - 2015-06-17T12:12:13.007Z] Session [a3cdd7e0-14e9-11e5-a180-2bce5600e235] - page.onError - msg: TypeError: undefined is not an object (evaluating 'jQuery.ui.jig')

  :262 in error
[ERROR - 2015-06-17T12:12:13.007Z] Session [a3cdd7e0-14e9-11e5-a180-2bce5600e235] - page.onError - stack:
  (anonymous function) (http://static.pubmed.gov/core/jig/1.13.1/js/jig.min.js:248)
  dispatch (http://static.pubmed.gov/core/jig/1.13.1/js/jig.min.js:76)
  l (http://static.pubmed.gov/core/jig/1.13.1/js/jig.min.js:68)

  :262 in error
[ERROR - 2015-06-17T12:12:15.595Z] Session [a3cdd7e0-14e9-11e5-a180-2bce5600e235] - page.onError - msg: TypeError: undefined is not an object (evaluating 'from_cgi.SeqInfo.links = this.SeqInfo.links')

  :262 in error
[ERROR - 2015-06-17T12:12:15.595Z] Session [a3cdd7e0-14e9-11e5-a180-2bce5600e235] - page.onError - stack:
  checkJobStatus (http://www.ncbi.nlm.nih.gov/projects/sviewer/js/main.js:14532)
  fire (http://www.ncbi.nlm.nih.gov/core/jquery/jquery-1.7.2.js:1075)
  fireWith (http://www.ncbi.nlm.nih.gov/core/jquery/jquery-1.7.2.js:1193)
  done (http://www.ncbi.nlm.nih.gov/core/jquery/jquery-1.7.2.js:7540)
  callback (http://www.ncbi.nlm.nih.gov/core/jquery/jquery-1.7.2.js:8324)
  openUrl (:0)
  open (:280)
  (anonymous function) (:/ghostdriver/request_handlers/session_request_handler.js:495)
  _execFuncAndWaitForLoadDecorator (:/ghostdriver/session.js:212)
  _postUrlCommand (:/ghostdriver/request_handlers/session_request_handler.js:494)
  _handle (:/ghostdriver/request_handlers/session_request_handler.js:91)
  _reroute (:/ghostdriver/request_handlers/request_handler.js:61)
  _handle (:/ghostdriver/request_handlers/router_request_handler.js:78)

  :262 in error
[ERROR - 2015-06-17T12:12:22.228Z] Session [a3cdd7e0-14e9-11e5-a180-2bce5600e235] - page.onError - msg: TypeError: undefined is not a function (evaluating 'I[s](G)')

  :262 in error
[ERROR - 2015-06-17T12:12:22.228Z] Session [a3cdd7e0-14e9-11e5-a180-2bce5600e235] - page.onError - stack:
  (anonymous function) (http://static.pubmed.gov/core/jig/1.13.1/js/jig.min.js:260)
  each (http://static.pubmed.gov/core/jig/1.13.1/js/jig.min.js:26)
  each (http://static.pubmed.gov/core/jig/1.13.1/js/jig.min.js:20)
  scanjig (http://static.pubmed.gov/core/jig/1.13.1/js/jig.min.js:260)
  (anonymous function) (http://static.pubmed.gov/core/jig/1.13.1/js/jig.min.js:263)
  t (http://static.pubmed.gov/core/jig/1.13.1/js/jig.min.js:32)
  fireWith (http://static.pubmed.gov/core/jig/1.13.1/js/jig.min.js:34)
  ready (http://static.pubmed.gov/core/jig/1.13.1/js/jig.min.js:22)
  k (http://static.pubmed.gov/core/jig/1.13.1/js/jig.min.js:31)

  :262 in error
[ERROR - 2015-06-17T12:12:22.235Z] Session [a3cdd7e0-14e9-11e5-a180-2bce5600e235] - page.onError - msg: TypeError: undefined is not a function (evaluating 'theSearchInput.ncbiautocomplete("turnOff",true)')

  :262 in error
[ERROR - 2015-06-17T12:12:22.235Z] Session [a3cdd7e0-14e9-11e5-a180-2bce5600e235] - page.onError - stack:
  onDbChange (http://static.pubmed.gov/portal/portal3rc.fcgi/4050480/js/3920240/4010805/3812534/4025445/3812535/3781604/4031606/3879255/3728312/4041748/4025474/6474/3908752/3758627/1778515/3967034/6358/3968635/1689922/3816816/3887815/3887817/3317080/2868104/31971/35962/35603/33966/35599/35596/35601/35595/35602/3397055/4001808.js:242)
  dispatch (http://www.ncbi.nlm.nih.gov/core/jquery/jquery-1.7.2.js:3332)
  eventHandle (http://www.ncbi.nlm.nih.gov/core/jquery/jquery-1.7.2.js:2941)
  trigger (http://www.ncbi.nlm.nih.gov/core/jquery/jquery-1.7.2.js:3210)
  (anonymous function) (http://www.ncbi.nlm.nih.gov/core/jquery/jquery-1.7.2.js:3869)
  each (http://www.ncbi.nlm.nih.gov/core/jquery/jquery-1.7.2.js:660)
  each (http://www.ncbi.nlm.nih.gov/core/jquery/jquery-1.7.2.js:271)
  trigger (http://www.ncbi.nlm.nih.gov/core/jquery/jquery-1.7.2.js:3868)
  (anonymous function) (http://static.pubmed.gov/portal/portal3rc.fcgi/4050480/js/3920240/4010805/3812534/4025445/3812535/3781604/4031606/3879255/3728312/4041748/4025474/6474/3908752/3758627/1778515/3967034/6358/3968635/1689922/3816816/3887815/3887817/3317080/2868104/31971/35962/35603/33966/35599/35596/35601/35595/35602/3397055/4001808.js:314)
  fire (http://www.ncbi.nlm.nih.gov/core/jquery/jquery-1.7.2.js:1075)
  fireWith (http://www.ncbi.nlm.nih.gov/core/jquery/jquery-1.7.2.js:1193)
  ready (http://www.ncbi.nlm.nih.gov/core/jquery/jquery-1.7.2.js:435)
  DOMContentLoaded (http://www.ncbi.nlm.nih.gov/core/jquery/jquery-1.7.2.js:949)

  :262 in error
[ERROR - 2015-06-17T12:12:22.476Z] Session [a3cdd7e0-14e9-11e5-a180-2bce5600e235] - page.onError - msg: TypeError: undefined is not an object (evaluating 'jQuery.ui.jig')

  :262 in error
[ERROR - 2015-06-17T12:12:22.476Z] Session [a3cdd7e0-14e9-11e5-a180-2bce5600e235] - page.onError - stack:
  (anonymous function) (http://static.pubmed.gov/core/jig/1.13.1/js/jig.min.js:248)
  dispatch (http://static.pubmed.gov/core/jig/1.13.1/js/jig.min.js:76)
  l (http://static.pubmed.gov/core/jig/1.13.1/js/jig.min.js:68)

  :262 in error
[ERROR - 2015-06-17T12:12:33.070Z] Session [a3cdd7e0-14e9-11e5-a180-2bce5600e235] - page.onError - msg: TypeError: undefined is not a function (evaluating 'I[s](G)')

  :262 in error
[ERROR - 2015-06-17T12:12:33.070Z] Session [a3cdd7e0-14e9-11e5-a180-2bce5600e235] - page.onError - stack:
  (anonymous function) (http://static.pubmed.gov/core/jig/1.13.1/js/jig.min.js:260)
  each (http://static.pubmed.gov/core/jig/1.13.1/js/jig.min.js:26)
  each (http://static.pubmed.gov/core/jig/1.13.1/js/jig.min.js:20)
  scanjig (http://static.pubmed.gov/core/jig/1.13.1/js/jig.min.js:260)
  (anonymous function) (http://static.pubmed.gov/core/jig/1.13.1/js/jig.min.js:263)
  t (http://static.pubmed.gov/core/jig/1.13.1/js/jig.min.js:32)
  fireWith (http://static.pubmed.gov/core/jig/1.13.1/js/jig.min.js:34)
  ready (http://static.pubmed.gov/core/jig/1.13.1/js/jig.min.js:22)
  k (http://static.pubmed.gov/core/jig/1.13.1/js/jig.min.js:31)

  :262 in error
[ERROR - 2015-06-17T12:12:33.082Z] Session [a3cdd7e0-14e9-11e5-a180-2bce5600e235] - page.onError - msg: TypeError: undefined is not a function (evaluating 'theSearchInput.ncbiautocomplete("turnOff",true)')

  :262 in error
[ERROR - 2015-06-17T12:12:33.082Z] Session [a3cdd7e0-14e9-11e5-a180-2bce5600e235] - page.onError - stack:
  onDbChange (http://static.pubmed.gov/portal/portal3rc.fcgi/4050480/js/3920240/4010805/3812534/4025445/3812535/3781604/4031606/3879255/3728312/4041748/4025474/6474/3908752/3758627/1778515/3967034/6358/3968635/1689922/3816816/3887815/3887817/3317080/2868104/31971/35962/35603/33966/35599/35596/35601/35595/35602/3397055/4001808.js:242)
  dispatch (http://www.ncbi.nlm.nih.gov/core/jquery/jquery-1.7.2.js:3332)
  eventHandle (http://www.ncbi.nlm.nih.gov/core/jquery/jquery-1.7.2.js:2941)
  trigger (http://www.ncbi.nlm.nih.gov/core/jquery/jquery-1.7.2.js:3210)
  (anonymous function) (http://www.ncbi.nlm.nih.gov/core/jquery/jquery-1.7.2.js:3869)
  each (http://www.ncbi.nlm.nih.gov/core/jquery/jquery-1.7.2.js:660)
  each (http://www.ncbi.nlm.nih.gov/core/jquery/jquery-1.7.2.js:271)
  trigger (http://www.ncbi.nlm.nih.gov/core/jquery/jquery-1.7.2.js:3868)
  (anonymous function) (http://static.pubmed.gov/portal/portal3rc.fcgi/4050480/js/3920240/4010805/3812534/4025445/3812535/3781604/4031606/3879255/3728312/4041748/4025474/6474/3908752/3758627/1778515/3967034/6358/3968635/1689922/3816816/3887815/3887817/3317080/2868104/31971/35962/35603/33966/35599/35596/35601/35595/35602/3397055/4001808.js:314)
  fire (http://www.ncbi.nlm.nih.gov/core/jquery/jquery-1.7.2.js:1075)
  fireWith (http://www.ncbi.nlm.nih.gov/core/jquery/jquery-1.7.2.js:1193)
  ready (http://www.ncbi.nlm.nih.gov/core/jquery/jquery-1.7.2.js:435)
  DOMContentLoaded (http://www.ncbi.nlm.nih.gov/core/jquery/jquery-1.7.2.js:949)

  :262 in error
[ERROR - 2015-06-17T12:12:33.094Z] Session [a3cdd7e0-14e9-11e5-a180-2bce5600e235] - page.onError - msg: TypeError: undefined is not an object (evaluating 'jQuery.ui.jig')

  :262 in error
[ERROR - 2015-06-17T12:12:33.094Z] Session [a3cdd7e0-14e9-11e5-a180-2bce5600e235] - page.onError - stack:
  (anonymous function) (http://static.pubmed.gov/core/jig/1.13.1/js/jig.min.js:248)
  dispatch (http://static.pubmed.gov/core/jig/1.13.1/js/jig.min.js:76)
  l (http://static.pubmed.gov/core/jig/1.13.1/js/jig.min.js:68)

  :262 in error
[ERROR - 2015-06-17T12:12:36.767Z] Session [a3cdd7e0-14e9-11e5-a180-2bce5600e235] - page.onError - msg: TypeError: undefined is not an object (evaluating 'from_cgi.SeqInfo.links = this.SeqInfo.links')

  :262 in error
[ERROR - 2015-06-17T12:12:36.768Z] Session [a3cdd7e0-14e9-11e5-a180-2bce5600e235] - page.onError - stack:
  checkJobStatus (http://www.ncbi.nlm.nih.gov/projects/sviewer/js/main.js:14532)
  fire (http://www.ncbi.nlm.nih.gov/core/jquery/jquery-1.7.2.js:1075)
  fireWith (http://www.ncbi.nlm.nih.gov/core/jquery/jquery-1.7.2.js:1193)
  done (http://www.ncbi.nlm.nih.gov/core/jquery/jquery-1.7.2.js:7540)
  callback (http://www.ncbi.nlm.nih.gov/core/jquery/jquery-1.7.2.js:8324)
  openUrl (:0)
  open (:280)
  (anonymous function) (:/ghostdriver/request_handlers/session_request_handler.js:495)
  _execFuncAndWaitForLoadDecorator (:/ghostdriver/session.js:212)
  _postUrlCommand (:/ghostdriver/request_handlers/session_request_handler.js:494)
  _handle (:/ghostdriver/request_handlers/session_request_handler.js:91)
  _reroute (:/ghostdriver/request_handlers/request_handler.js:61)
  _handle (:/ghostdriver/request_handlers/router_request_handler.js:78)

  :262 in error
[ERROR - 2015-06-17T12:12:43.675Z] Session [a3cdd7e0-14e9-11e5-a180-2bce5600e235] - page.onError - msg: TypeError: undefined is not a function (evaluating 'I[s](G)')

  :262 in error
[ERROR - 2015-06-17T12:12:43.675Z] Session [a3cdd7e0-14e9-11e5-a180-2bce5600e235] - page.onError - stack:
  (anonymous function) (http://static.pubmed.gov/core/jig/1.13.1/js/jig.min.js:260)
  each (http://static.pubmed.gov/core/jig/1.13.1/js/jig.min.js:26)
  each (http://static.pubmed.gov/core/jig/1.13.1/js/jig.min.js:20)
  scanjig (http://static.pubmed.gov/core/jig/1.13.1/js/jig.min.js:260)
  (anonymous function) (http://static.pubmed.gov/core/jig/1.13.1/js/jig.min.js:263)
  t (http://static.pubmed.gov/core/jig/1.13.1/js/jig.min.js:32)
  fireWith (http://static.pubmed.gov/core/jig/1.13.1/js/jig.min.js:34)
  ready (http://static.pubmed.gov/core/jig/1.13.1/js/jig.min.js:22)
  k (http://static.pubmed.gov/core/jig/1.13.1/js/jig.min.js:31)

  :262 in error
[ERROR - 2015-06-17T12:12:43.682Z] Session [a3cdd7e0-14e9-11e5-a180-2bce5600e235] - page.onError - msg: TypeError: undefined is not a function (evaluating 'theSearchInput.ncbiautocomplete("turnOff",true)')

  :262 in error
[ERROR - 2015-06-17T12:12:43.682Z] Session [a3cdd7e0-14e9-11e5-a180-2bce5600e235] - page.onError - stack:
  onDbChange (http://static.pubmed.gov/portal/portal3rc.fcgi/4050480/js/3920240/4010805/3812534/4025445/3812535/3781604/4031606/3879255/3728312/4041748/4025474/6474/3908752/3758627/1778515/3967034/6358/3968635/1689922/3816816/3887815/3887817/3317080/2868104/31971/35962/35603/33966/35599/35596/35601/35595/35602/3397055/4001808.js:242)
  dispatch (http://www.ncbi.nlm.nih.gov/core/jquery/jquery-1.7.2.js:3332)
  eventHandle (http://www.ncbi.nlm.nih.gov/core/jquery/jquery-1.7.2.js:2941)
  trigger (http://www.ncbi.nlm.nih.gov/core/jquery/jquery-1.7.2.js:3210)
  (anonymous function) (http://www.ncbi.nlm.nih.gov/core/jquery/jquery-1.7.2.js:3869)
  each (http://www.ncbi.nlm.nih.gov/core/jquery/jquery-1.7.2.js:660)
  each (http://www.ncbi.nlm.nih.gov/core/jquery/jquery-1.7.2.js:271)
  trigger (http://www.ncbi.nlm.nih.gov/core/jquery/jquery-1.7.2.js:3868)
  (anonymous function) (http://static.pubmed.gov/portal/portal3rc.fcgi/4050480/js/3920240/4010805/3812534/4025445/3812535/3781604/4031606/3879255/3728312/4041748/4025474/6474/3908752/3758627/1778515/3967034/6358/3968635/1689922/3816816/3887815/3887817/3317080/2868104/31971/35962/35603/33966/35599/35596/35601/35595/35602/3397055/4001808.js:314)
  fire (http://www.ncbi.nlm.nih.gov/core/jquery/jquery-1.7.2.js:1075)
  fireWith (http://www.ncbi.nlm.nih.gov/core/jquery/jquery-1.7.2.js:1193)
  ready (http://www.ncbi.nlm.nih.gov/core/jquery/jquery-1.7.2.js:435)
  DOMContentLoaded (http://www.ncbi.nlm.nih.gov/core/jquery/jquery-1.7.2.js:949)

  :262 in error
[ERROR - 2015-06-17T12:12:43.690Z] Session [a3cdd7e0-14e9-11e5-a180-2bce5600e235] - page.onError - msg: TypeError: undefined is not an object (evaluating 'jQuery.ui.jig')

  :262 in error
[ERROR - 2015-06-17T12:12:43.690Z] Session [a3cdd7e0-14e9-11e5-a180-2bce5600e235] - page.onError - stack:
  (anonymous function) (http://static.pubmed.gov/core/jig/1.13.1/js/jig.min.js:248)
  dispatch (http://static.pubmed.gov/core/jig/1.13.1/js/jig.min.js:76)
  l (http://static.pubmed.gov/core/jig/1.13.1/js/jig.min.js:68)

  :262 in error
/jig/1.13.1/js/jig.min.js:31)

  :262 in error
[ERROR - 2015-06-17T12:12:38.011Z] Session [a504aa30-14e9-11e5-8214-331f961ea636] - page.onError - msg: TypeError: undefined is not a function (evaluating 'theSearchInput.ncbiautocomplete("turnOff",true)')

  :262 in error
[ERROR - 2015-06-17T12:12:38.011Z] Session [a504aa30-14e9-11e5-8214-331f961ea636] - page.onError - stack:
  onDbChange (http://static.pubmed.gov/portal/portal3rc.fcgi/4050480/js/3920240/4010805/3812534/4025445/3812535/3781604/4031606/3879255/3728312/4041748/4025474/6474/3908752/3758627/1778515/3967034/6358/3968635/1689922/3816816/3887815/3887817/3317080/2868104/31971/35962/35603/33966/35599/35596/35601/35595/35602/3397055/4001808.js:242)
  dispatch (http://www.ncbi.nlm.nih.gov/core/jquery/jquery-1.7.2.js:3332)
  eventHandle (http://www.ncbi.nlm.nih.gov/core/jquery/jquery-1.7.2.js:2941)
  trigger (http://www.ncbi.nlm.nih.gov/core/jquery/jquery-1.7.2.js:3210)
  (anonymous function) (http://www.ncbi.nlm.nih.gov/core/jquery/jquery-1.7.2.js:3869)
  each (http://www.ncbi.nlm.nih.gov/core/jquery/jquery-1.7.2.js:660)
  each (http://www.ncbi.nlm.nih.gov/core/jquery/jquery-1.7.2.js:271)
  trigger (http://www.ncbi.nlm.nih.gov/core/jquery/jquery-1.7.2.js:3868)
  (anonymous function) (http://static.pubmed.gov/portal/portal3rc.fcgi/4050480/js/3920240/4010805/3812534/4025445/3812535/3781604/4031606/3879255/3728312/4041748/4025474/6474/3908752/3758627/1778515/3967034/6358/3968635/1689922/3816816/3887815/3887817/3317080/2868104/31971/35962/35603/33966/35599/35596/35601/35595/35602/3397055/4001808.js:314)
  fire (http://www.ncbi.nlm.nih.gov/core/jquery/jquery-1.7.2.js:1075)
  fireWith (http://www.ncbi.nlm.nih.gov/core/jquery/jquery-1.7.2.js:1193)
  ready (http://www.ncbi.nlm.nih.gov/core/jquery/jquery-1.7.2.js:435)
  DOMContentLoaded (http://www.ncbi.nlm.nih.gov/core/jquery/jquery-1.7.2.js:949)

  :262 in error
[ERROR - 2015-06-17T12:12:38.018Z] Session [a504aa30-14e9-11e5-8214-331f961ea636] - page.onError - msg: TypeError: undefined is not an object (evaluating 'jQuery.ui.jig')

  :262 in error
[ERROR - 2015-06-17T12:12:38.018Z] Session [a504aa30-14e9-11e5-8214-331f961ea636] - page.onError - stack:
  (anonymous function) (http://static.pubmed.gov/core/jig/1.13.1/js/jig.min.js:248)
  dispatch (http://static.pubmed.gov/core/jig/1.13.1/js/jig.min.js:76)
  l (http://static.pubmed.gov/core/jig/1.13.1/js/jig.min.js:68)

  :262 in error
ssion [a29298c0-14e9-11e5-a4db-797a226f923b] - page.onError - stack:
  (anonymous function) (http://static.pubmed.gov/core/jig/1.13.1/js/jig.min.js:260)
  each (http://static.pubmed.gov/core/jig/1.13.1/js/jig.min.js:26)
  each (http://static.pubmed.gov/core/jig/1.13.1/js/jig.min.js:20)
  scanjig (http://static.pubmed.gov/core/jig/1.13.1/js/jig.min.js:260)
  (anonymous function) (http://static.pubmed.gov/core/jig/1.13.1/js/jig.min.js:263)
  t (http://static.pubmed.gov/core/jig/1.13.1/js/jig.min.js:32)
  fireWith (http://static.pubmed.gov/core/jig/1.13.1/js/jig.min.js:34)
  ready (http://static.pubmed.gov/core/jig/1.13.1/js/jig.min.js:22)
  k (http://static.pubmed.gov/core/jig/1.13.1/js/jig.min.js:31)

  :262 in error
[ERROR - 2015-06-17T12:12:13.863Z] Session [a29298c0-14e9-11e5-a4db-797a226f923b] - page.onError - msg: TypeError: undefined is not a function (evaluating 'theSearchInput.ncbiautocomplete("turnOff",true)')

  :262 in error
[ERROR - 2015-06-17T12:12:13.863Z] Session [a29298c0-14e9-11e5-a4db-797a226f923b] - page.onError - stack:
  onDbChange (http://static.pubmed.gov/portal/portal3rc.fcgi/4050480/js/3920240/4010805/3812534/4025445/3812535/3781604/4031606/3879255/3728312/4041748/4025474/6474/3908752/3758627/1778515/3967034/6358/3968635/1689922/3816816/3887815/3887817/3317080/2868104/31971/35962/35603/33966/35599/35596/35601/35595/35602/3397055/4001808.js:242)
  dispatch (http://www.ncbi.nlm.nih.gov/core/jquery/jquery-1.7.2.js:3332)
  eventHandle (http://www.ncbi.nlm.nih.gov/core/jquery/jquery-1.7.2.js:2941)
  trigger (http://www.ncbi.nlm.nih.gov/core/jquery/jquery-1.7.2.js:3210)
  (anonymous function) (http://www.ncbi.nlm.nih.gov/core/jquery/jquery-1.7.2.js:3869)
  each (http://www.ncbi.nlm.nih.gov/core/jquery/jquery-1.7.2.js:660)
  each (http://www.ncbi.nlm.nih.gov/core/jquery/jquery-1.7.2.js:271)
  trigger (http://www.ncbi.nlm.nih.gov/core/jquery/jquery-1.7.2.js:3868)
  (anonymous function) (http://static.pubmed.gov/portal/portal3rc.fcgi/4050480/js/3920240/4010805/3812534/4025445/3812535/3781604/4031606/3879255/3728312/4041748/4025474/6474/3908752/3758627/1778515/3967034/6358/3968635/1689922/3816816/3887815/3887817/3317080/2868104/31971/35962/35603/33966/35599/35596/35601/35595/35602/3397055/4001808.js:314)
  fire (http://www.ncbi.nlm.nih.gov/core/jquery/jquery-1.7.2.js:1075)
  fireWith (http://www.ncbi.nlm.nih.gov/core/jquery/jquery-1.7.2.js:1193)
  ready (http://www.ncbi.nlm.nih.gov/core/jquery/jquery-1.7.2.js:435)
  DOMContentLoaded (http://www.ncbi.nlm.nih.gov/core/jquery/jquery-1.7.2.js:949)

  :262 in error
[ERROR - 2015-06-17T12:12:14.106Z] Session [a29298c0-14e9-11e5-a4db-797a226f923b] - page.onError - msg: TypeError: undefined is not an object (evaluating 'jQuery.ui.jig')

  :262 in error
[ERROR - 2015-06-17T12:12:14.106Z] Session [a29298c0-14e9-11e5-a4db-797a226f923b] - page.onError - stack:
  (anonymous function) (http://static.pubmed.gov/core/jig/1.13.1/js/jig.min.js:248)
  dispatch (http://static.pubmed.gov/core/jig/1.13.1/js/jig.min.js:76)
  l (http://static.pubmed.gov/core/jig/1.13.1/js/jig.min.js:68)

  :262 in error
[ERROR - 2015-06-17T12:12:16.889Z] Session [a29298c0-14e9-11e5-a4db-797a226f923b] - page.onError - msg: TypeError: undefined is not an object (evaluating 'from_cgi.SeqInfo.links = this.SeqInfo.links')

  :262 in error
[ERROR - 2015-06-17T12:12:16.889Z] Session [a29298c0-14e9-11e5-a4db-797a226f923b] - page.onError - stack:
  checkJobStatus (http://www.ncbi.nlm.nih.gov/projects/sviewer/js/main.js:14532)
  fire (http://www.ncbi.nlm.nih.gov/core/jquery/jquery-1.7.2.js:1075)
  fireWith (http://www.ncbi.nlm.nih.gov/core/jquery/jquery-1.7.2.js:1193)
  done (http://www.ncbi.nlm.nih.gov/core/jquery/jquery-1.[ERROR - 2015-06-17T12:12:18.041Z] Session [a5a026e0-14e9-11e5-8b9b-c5585fa4bcd7] - page.onError - msg: TypeError: undefined is not a function (evaluating 'I[s](G)')

  :262 in error
[ERROR - 2015-06-17T12:12:18.041Z] Session [a5a026e0-14e9-11e5-8b9b-c5585fa4bcd7] - page.onError - stack:
  (anonymous function) (http://static.pubmed.gov/core/jig/1.13.1/js/jig.min.js:260)
  each (http://static.pubmed.gov/core/jig/1.13.1/js/jig.min.js:26)
  each (http://static.pubmed.gov/core/jig/1.13.1/js/jig.min.js:20)
  scanjig (http://static.pubmed.gov/core/jig/1.13.1/js/jig.min.js:260)
 [ERROR - 2015-06-17T12:12:23.617Z] Session [a29298c0-14e9-11e5-a4db-797a226f923b] - page.onError - msg: TypeError: undefined is not a function (evaluating 'I[s](G)')

  :262 in error
[ERROR - 2015-06-17T12:12:23.617Z] Session [a29298c0-14e9-11e5-a4db-797a226f923b] - page.onError - stack:
  (anonymous function) (http://static.pubmed.gov/core/jig/1.13.1/js/jig.min.js:260)
  each (http://static.pubmed.gov/core/jig/1.13.1/js/jig.min.js:26)
  each (http://static.pubmed.gov/core/jig/1.13.1/js/jig.min.js:20)
  scanjig (http://static.pubmed.gov/core/jig/1.13.1/js/jig.min.js:260)
  (anonymous function) (http://static.pubmed.gov/core/jig/1.13.1/js/jig.min.js:263)
  t (http://static.pubmed.gov/core/jig/1.13.1/js/jig.min.js:32)
  fireWith (http://static.pubmed.gov/core/jig/1.13.1/js/jig.min.js:34)
  ready (http://static.pubmed.gov/core/jig/1.13.1/js/jig.min.js:22)
  k (http://static.pubmed.gov/core/jig/1.13.1/js/jig.min.js:31)

  :262 in error
[ERROR - 2015-06-17T12:12:23.629Z] Session [a29298c0-14e9-11e5-a4db-797a226f923b] - page.onError - msg: TypeError: undefined is not a function (evaluating 'theSearchInput.ncbiautocomplete("turnOff",true)')

  :262 in error
[ERROR - 2015-06-17T12:12:23.629Z] Session [a29298c0-14e9-11e5-a4db-797a226f923b] - page.onError - stack:
  onDbChange (http://static.pubmed.gov/portal/portal3rc.fcgi/4050480/js/3920240/4010805/3812534/4025445/3812535/3781604/4031606/3879255/3728312/4041748/4025474/6474/3908752/3758627/1778515/3967034/6358/3968635/1689922/3816816/3887815/3887817/3317080/2868104/31971/35962/35603/33966/35599/35596/35601/35595/35602/3397055/4001808.js:242)
  dispatch (http://www.ncbi.nlm.nih.gov/core/jquery/jquery-1.7.2.js:3332)
  eventHandle (http://www.ncbi.nlm.nih.gov/core/jquery/jquery-1.7.2.js:2941)
  trigger (http://www.ncbi.nlm.nih.gov/core/jquery/jquery-1.7.2.js:3210)
  (anonymous function) (http://www.ncbi.nlm.nih.gov/core/jquery/jquery-1.7.2.js:3869)
  each (http://www.ncbi.nlm.nih.gov/core/jquery/jquery-1.7.2.js:660)
  each (http://www.ncbi.nlm.nih.gov/core/jquery/jquery-1.7.2.js:271)
  trigger (http://www.ncbi.nlm.nih.gov/core/jquery/jquery-1.7.2.js:3868)
  (anonymous function) (http://static.pubmed.gov/portal/portal3rc.fcgi/4050480/js/3920240/4010805/3812534/4025445/3812535/3781604/4031606/3879255/3728312/4041748/4025474/6474/3908752/3758627/1778515/3967034/6358/3968635/1689922/3816816/3887815/3887817/3317080/2868104/31971/35962/35603/33966/35599/35596/35601/35595/35602/3397055/4001808.js:314)
  fire (http://www.ncbi.nlm.nih.gov/core/jquery/jquery-1.7.2.js:1075)
  fireWith (http://www.ncbi.nlm.nih.gov/core/jquery/jquery-1.7.2.js:1193)
  ready (http://www.ncbi.nlm.nih.gov/core/jquery/jquery-1.7.2.js:435)
  DOMContentLoaded (http://www.ncbi.nlm.nih.gov/c[ERROR - 2015-06-17T12:12:30.984Z] Session [a5a026e0-14e9-11e5-8b9b-c5585fa4bcd7] - page.onError - msg: TypeError: undefined is not an object (evaluating 'this.m_ViewParams['id']')

  :262 in error
[ERROR - 2015-06-17T12:12:30.984Z] Session [a5a026e0-14e9-11e5-8b9b-c5585fa4bcd7] - page.onError - stack:
  infoLoaded (http://www.ncbi.nlm.nih.gov/projects/sviewer/js/main.js:15759)
  success (http://www.ncbi.nlm.nih.gov/projects/sviewer/js/main.js:15701)
  checkJobStatus (http://www.ncbi.nlm.nih.gov/projects/sviewer/js/main.js:14535)
  t (http://static.pubmed.gov/core/jig/1.13[ERROR - 2015-06-17T12:12:33.689Z] Session [a29298c0-14e9-11e5-a4db-797a226f923b] - page.onError - msg: TypeError: undefined is not a function (evaluating 'I[s](G)')

  :262 in error
[ERROR - 2015-06-17T12:12:33.689Z] Session [a29298c0-14e9-11e5-a4db-797a226f923b] - page.onError - stack:
  (anonymous function) (http://static.pubmed.gov/core/jig/1.13.1/js/jig.min.js:260)
  each (http://static.pubmed.gov/core/jig/1.13.1/js/jig.min.js:26)
  each (http://static.pubmed.gov/core/jig/1.13.1/js/jig.min.js:20)
  scanjig (http://static.pubmed.gov/core/jig/1.13.1/js/jig.min.js:260)
  (anonymous function) (http://static.pubmed.gov/core/jig/1.13.1/js/jig.min.js:263)
  t (http://static.pubmed.gov/core/jig/1.13.1/js/jig[ERROR - 2015-06-17T12:12:37.416Z] Session [a5a026e0-14e9-11e5-8b9b-c5585fa4bcd7] - page.onError - msg: TypeError: undefined is not a function (evaluating 'I[s](G)')

  :262 in error
[ERROR - 2015-06-17T12:12:37.416Z] Session [a5a026e0-14e9-11e5-8b9b-c5585fa4bcd7] - page.onError - stack:
  (anonymous function) (http://static.pubmed.gov/core/jig/1.13.1/js/jig.min.js:260)
  each (http://static.pubmed.gov/core/jig/1.13.1/js/jig.min.js:26)
  each (http://static.pubmed.gov/core/jig/1.13.1/js/jig.min.js:20)
  scanjig (http://static.pubmed.gov/core/jig/1.13.1/js/jig.min.js:260)
  (anonymous function) (http://static.pubmed.gov/core/jig/1.13.1/js/jig.min.js:263)
  t (http://static.pubmed.gov/core/jig/1.13.1/js/jig.min.js:32)
  fireWith (http://static.pubmed.gov/core/jig/1.13.1/js/jig.min.js:34)
  ready (http://static.pubmed.gov/core/jig/1.13.1/js/jig.min.js:22)
  k (http://static.pubmed.gov/core/jig/1.13.1/js/jig.min.js:31)

  :262 in error
[ERROR - 2015-06-17T12:12:37.427Z] Session [a5a026e0-14e9-11e5-8b9b-c5585fa4bcd7] - page.onError - msg: TypeError: undefined is not a function (evaluating 'theSearchInput.ncbiautocomplete("turnOff",true)')

  :262 in error
[ERROR - 2015-06-17T12:12:37.427Z] Session [a5a026e0-14e9-11e5-8b9b-c5585fa4bcd7] - page.onError - stack:
  onDbChange (http://static.pubmed.gov/portal/portal3rc.fcgi/4050480/js/3920240/4010805/3812534/4025445/3812535/3781604/4031606/3879255/3728312/4041748/4025474/6474/3908752/3758627/1778515/3967034/6358/3968635/1689922/3816816/3887815/3887817/3317080/2868104/31971/35962/35603/33966/35599/35596/35601/35595/35602/3397055/4001808.js:242)
  dispatch (http://www.ncbi.nlm.nih.gov/core/jquery/jquery-1.7.2.js:3332)
  eventHandle (http://www.ncbi.nlm.nih.gov/core/jquery/jquery-1.7.2.js:2941)
  trigger (http://www.ncbi.nlm.nih.gov/core/jquery/jquery-1.7.2.js:3210)
  (anonymous function) (http://www.ncbi.nlm.nih.gov/core/jquery/jquery-1.7.2.js:3869)
  each (http://www.ncbi.nlm.nih.gov/core/jquery/jquery-1.7.2.js:660)
  each (http://www.ncbi.nlm.nih.gov/core/jquery/jquery-1.7.2.js:271)
  trigger (http://www.ncbi.nlm.nih.gov/core/jquery/jquery-1.7.2.js:3868)
  (anonymous function) (http://static.pubmed.gov/portal/portal3rc.fcgi/4050480/js/3920240/4010805/3812534/4025445/3812535/3781604/4031606/3879255/3728312/4041748/4025474/6474/3908752/3758627/1778515/3967034/6358/3968635/1689922/3816816/3887815/3887817/3317080/2868104/31971/35962/35603/33966/35599/35596/35601/35595/35602/3397055/4001808.js:314)
  fire (http://www.ncbi.nlm.nih.gov/core/jquery/jquery-1.7.2.js:1075)
  fireWith (http://www.ncbi.nlm.nih.gov/core/jquery/jquery-1.7.2.js:1193)
  ready (http://www.ncbi.nlm.nih.gov/core/jquery/jquery-1.7.2.js:435)
  DOMContentLoaded (http://www.ncbi.nlm.nih.gov/core/jquery/jquery-1.7.2.js:949)

  :262 in error
[ERROR - 2015-06-17T12:12:37.435Z] Session [a5a026e0-14e9-11e5-8b9b-c5585fa4bcd7] - page.onError - msg: TypeError: undefined is not an object (evaluating 'jQuery.ui.jig')

  :262 in error
[ERROR - 2015-06-17T12:12:37.435Z] Session [a5a026e0-14e9-11e5-8b9b-c5585fa4bcd7] - page.onError - stack:
  (anonymous function) (http://static.pubmed.gov/core/jig/1.13.1/js/jig.min.js:248)
  dispatch (http://static.pubmed.gov/core/jig/1.13.1/js/jig.min.js:76)
  l (http://static.pubmed.gov/core/jig/1.13.1/js/jig.min.js:68)

  :262 in error
[ERROR - 2015-06-17T12:12:40.188Z] Session [a5a026e0-14e9-11e5-8b9b-c5585fa4bcd7] - page.onError - msg: TypeError: undefined is not an object (evaluating 'from_cgi.SeqInfo.links = this.SeqInfo.links')

  :262 in error
[ERROR - 2015-06-17T12:12:40.188Z] Session [a5a026e0-14e9-11e5-8b9b-c5585fa4bcd7] - page.onError - stack:
  checkJobStatus (http://www.ncbi.nlm.nih.gov/projects/sviewer/js/main.js:14532)
  fire (http://www.ncbi.nlm.nih.gov/core/jquery/jquery-1.7.2.js:1075)
  fireWith (http://www.ncbi.nlm.nih.gov/core/jquery/jquery-1.7.2.js:1193)
  done (http://www.ncbi.nlm.nih.gov/core/jquery/jquery-1.7.2.js:7540)
  callback (http://www.ncbi.nlm.nih.gov/core/jquery/jquery-1.7.2.js:8324)
  openUrl (:0)
  open (:280)
  (anonymous function) (:/ghostdriver/request_handlers/session_request_handler.js:495)
  _execFuncAndWaitForLoadDecorator (:/ghostdriver/session.js:212)
  _postUrlCommand (:/ghostdriver/request_handlers/session_request_handler.js:494)
  _handle (:/ghostdriver/request_handlers/session_request_handler.js:91)
  _reroute (:/ghostdriver/request_handlers/request_handler.js:61)
  _handle (:/ghostdriver/request_handlers/router_request_handler.js:78)

  :262 in error
