[INFO  - 2015-06-08T14:57:22.276Z] GhostDriver - Main - running on port 42096
[INFO  - 2015-06-08T14:57:23.230Z] Session [ab50b980-0dee-11e5-86ea-332e72e19ba6] - page.settings - {"XSSAuditingEnabled":false,"javascriptCanCloseWindows":true,"javascriptCanOpenWindows":true,"javascriptEnabled":true,"loadImages":true,"localToRemoteUrlAccessEnabled":false,"userAgent":"Mozilla/5.0 (Unknown; Linux x86_64) AppleWebKit/538.1 (KHTML, like Gecko) PhantomJS/2.0.1-development Safari/538.1","webSecurityEnabled":true}
[INFO  - 2015-06-08T14:57:23.230Z] Session [ab50b980-0dee-11e5-86ea-332e72e19ba6] - page.customHeaders:  - {}
[INFO  - 2015-06-08T14:57:23.231Z] Session [ab50b980-0dee-11e5-86ea-332e72e19ba6] - Session.negotiatedCapabilities - {"browserName":"phantomjs","version":"2.0.1","driverName":"ghostdriver","driverVersion":"1.2.0","platform":"linux-unknown-64bit","javascriptEnabled":true,"takesScreenshot":true,"handlesAlerts":false,"databaseEnabled":false,"locationContextEnabled":false,"applicationCacheEnabled":false,"browserConnectionEnabled":false,"cssSelectorsEnabled":true,"webStorageEnabled":false,"rotatable":false,"acceptSslCerts":false,"nativeEvents":true,"proxy":{"proxyType":"direct"}}
[INFO  - 2015-06-08T14:57:23.231Z] SessionManagerReqHand - _postNewSessionCommand - New Session Created: ab50b980-0dee-11e5-86ea-332e72e19ba6
[ERROR - 2015-06-08T14:57:36.374Z] Session [aab47980-0dee-11e5-92af-651f53b02fd5] - page.onError - msg: TypeError: undefined is not an object (evaluating 'jQuery.ui.jig')

  :262 in error
[ERROR - 2015-06-08T14:57:36.375Z] Session [aab47980-0dee-11e5-92af-651f53b02fd5] - page.onError - stack:
  _closeAnimation (http://static.pubmed.gov/core/jig/1.13.1/js/jquery.ui.widgets.min.js:459)
  close (http://static.pubmed.gov/core/jig/1.13.1/js/jquery.ui.widgets.min.js:459)
  (anonymous function) (http://static.pubmed.gov/core/jig/1.13.1/js/jquery.ui.widgets.min.js:113)
  each (http://static.pubmed.gov/core/jig/1.13.1/js/jig.min.js:26)
  each (http://static.pubmed.gov/core/jig/1.13.1/js/jig.min.js:20)
  (anonymous function) (http://static.pubmed.gov/core/jig/1.13.1/js/jquery.ui.widgets.min.js:113)
  _hideLoadingMessage (http://static.pubmed.gov/core/jig/1.13.1/js/jquery.ui.widgets.min.js:357)
  (anonymous function) (http://static.pubmed.gov/core/jig/1.13.1/js/jquery.ui.widgets.min.js:356)
  dispatch (http://static.pubmed.gov/core/jig/1.13.1/js/jig.min.js:76)
  l (http://static.pubmed.gov/core/jig/1.13.1/js/jig.min.js:68)
  trigger (http://static.pubmed.gov/core/jig/1.13.1/js/jig.min.js:73)
  (anonymous function) (http://static.pubmed.gov/core/jig/1.13.1/js/jig.min.js:88)
  each (http://static.pubmed.gov/core/jig/1.13.1/js/jig.min.js:26)
  each (http://static.pubmed.gov/core/jig/1.13.1/js/jig.min.js:20)
  trigger (http://static.pubmed.gov/core/jig/1.13.1/js/jig.min.js:88)
  _displayTheRows (http://static.pubmed.gov/core/jig/1.13.1/js/jquery.ui.widgets.min.js:386)
  _wrapUpProcessing (http://static.pubmed.gov/core/jig/1.13.1/js/jquery.ui.widgets.min.js:385)
  _processData (http://static.pubmed.gov/core/jig/1.13.1/js/jquery.ui.widgets.min.js:384)
  success (http://static.pubmed.gov/core/jig/1.13.1/js/jquery.ui.widgets.min.js:383)
  t (http://static.pubmed.gov/core/jig/1.13.1/js/jig.min.js:32)
  fireWith (http://static.pubmed.gov/core/jig/1.13.1/js/jig.min.js:34)
  d (http://static.pubmed.gov/core/jig/1.13.1/js/jig.min.js:155)
  b (http://static.pubmed.gov/core/jig/1.13.1/js/jig.min.js:166)

  :262 in error
[ERROR - 2015-06-08T14:57:36.655Z] Session [aab47980-0dee-11e5-92af-651f53b02fd5] - page.onError - msg: TypeError: undefined is not an object (evaluating 'jQuery.ui.jig')

  :262 in error
[ERROR - 2015-06-08T14:57:36.655Z] Session [aab47980-0dee-11e5-92af-651f53b02fd5] - page.onError - stack:
  (anonymous function) (http://static.pubmed.gov/core/jig/1.13.1/js/jig.min.js:248)
  dispatch (http://static.pubmed.gov/core/jig/1.13.1/js/jig.min.js:76)
  l (http://static.pubmed.gov/core/jig/1.13.1/js/jig.min.js:68)

  :262 in error
[ERROR - 2015-06-08T14:57:36.665Z] Session [aab47980-0dee-11e5-92af-651f53b02fd5] - page.onError - msg: Creating Portlet.Portlet.Gene_InfoPathway: undefined is not a function (evaluating 'jQuery('ul.infopathway').genePagination({size:25})')

  :262 in error
[ERROR - 2015-06-08T14:57:36.665Z] Session [aab47980-0dee-11e5-92af-651f53b02fd5] - page.onError - stack:
  create (http://www.ncbi.nlm.nih.gov/portal/js/portal.js?v4.1.r465258+Mon%2C+Apr+20+2015+02%3A46%3A05:145)

  :262 in error
[ERROR - 2015-06-08T14:57:36.674Z] Session [aab47980-0dee-11e5-92af-651f53b02fd5[ERROR - 2015-06-08T14:57:41.735Z] Session [aa181270-0dee-11e5-9415-514812cde23e] - page.onError - msg: TypeError: undefined is not a function (evaluating 'I[s](G)')

  :262 in error
[ERROR - 2015-06-08T14:57:41.735Z] Session [aa181270-0dee-11e5-9415-514812cde23e] - page.onError - stack:
  (anonymous function) (http://static.pubmed.gov/core/jig/1.13.1/js/jig.min.js:260)
  each (http://static.pubmed.gov/core/jig/1.13.1/js/jig.min.js:26)
  each (http://static.pubmed.gov/core/jig/1.13.1/js/jig.min.js:20)
  scanjig (http://static.pubmed.gov/core/jig/1.13.1/js/jig.min.js:260)
  (anonymous function) (http://static.pubmed.gov/core/jig/1.13.1/js/jig.min.js:263)
  t (http://static.pubmed.gov/core/jig/1.13.1/js/jig.min.js:32)
  fireWith (http://static.pubmed.gov/core/jig/1.13.1/js/jig.min.js:34)
  ready (http://static.pubmed.gov/core/jig/1.13.1/js/jig.min.js:22)
  k (http://static.pubmed.gov/core/jig/1.13.1/js/jig.min.js:31)

  :262 in error
[ERROR - 2015-06-08T14:57:41.743Z] Session [aa181270-0dee-11e5-9415-514812cde23e] - page.onError - msg: TypeError: undefined is not a function (evaluating 'theSearchInput.ncbiautocomplete("turnOff",true)')

  :262 in error
[ERROR - 2015-06-08T14:57:41.743Z] Session [aa181270-0dee-11e5-9415-514812cde23e] - page.onError - stack:
  onDbChange (http://static.pubmed.gov/portal/portal3rc.fcgi/4050480/js/3920240/4010805/3812534/4025445/3812535/3781604/4031606/3879255/3728312/4041748/4025474/6474/3908752/3758627/1778515/3967034/6358/3968635/1689922/3816816/3887815/3887817/3317080/2868104/31971/35962/35603/33966/35599/35596/35601/35595/35602/3397055/4001808.js:242)
  dispatch (http://www.ncbi.nlm.nih.gov/core/jquery/jquery-1.7.2.js:3332)
  eventHandle (http://www.ncbi.nlm.nih.gov/core/jquery/jquery-1.7.2.js:2941)
  trigger (http://www.ncbi.nlm.nih.gov/core/jquery/jquery-1.7.2.js:3210)
  (anonymous function) (http://www.ncbi.nlm.nih.gov/core/jquery/jquery-1.7.2.js:3869)
  each (http://www.ncbi.nlm.nih.gov/core/jquery/jquery-1.7.2.js:660)
  each (http://www.ncbi.nlm.nih.gov/core/jquery/jquery-1.7.2.js:271)
  trigger (http://www.ncbi.nlm.nih.gov/core/jquery/jquery-1.7.2.js:3868)
[ERROR - 2015-06-08T14:57:43.255Z] Session [aab47980-0dee-11e5-92af-651f53b02fd5] - page.onError - msg: TypeError: undefined is not a function (evaluating 'I[s](G)')

  :262 in error
[ERROR - 2015-06-08T14:57:43.255Z] Session [aab47980-0dee-11e5-92af-651f53b02fd5] - page.onError - stack:
  (anonymous function) (http://static.pubmed.gov/core/jig/1.13.1/js/jig.min.js:260)
  each (http://static.pubmed.gov/core/jig/1.13.1/js/jig.min.js:26)
  each (http://static.pubmed.gov/core/jig/1.13.1/js/jig.min.js:20)
  scanjig (http://static.pubmed.gov/core/jig/1.13.1/js/jig.min.js:260)
  (anonymous function) (http://static.pubmed.gov/core/jig/1.13.1/js/jig.min.js:263)
  t (http://static.pubmed.gov/core/jig/1.13.1/js/jig.min.js:32)
  fireWith (http://static.pubmed.gov/core/jig/1.13.1/js/jig.min.js:34)
  ready (http://static.pubmed.gov/core/jig/1.13.1/js/jig.min.js:22)
  k (http://static.pubmed.gov/core/jig/1.13.1/js/jig.min.js:31)

  :262 in error
[ERROR - 2015-06-08T14:57:43.269Z] Session [aab47980-0dee-11e5-92af-651f53b02fd5] - page.onError - msg: TypeError: undefined is not a function (evaluating 'theSearchInput.ncbiautocomplete("turnOff",true)')

  :262 in error
[ERROR - 2015-06-08T14:57:43.269Z] Session [aab47980-0dee-11e5-92af-651f53b02fd5] - page.onError - stack:
  onDbChange (http://static.pubmed.gov/portal/portal3rc.fcgi/4050480/js/3920240/4010805/3812534/4025445/3812535/3781604/4031606/3879255/3728312/4041748/4025474/6474/3908752/3758627/1778515/3967034/6358/3968635/1689922/3816816/3887815/3887817/3317080/2868104/31971/35962/35603/33966/35599/35596/35601/35595/35602/3397055/4001808.js:242)
  dispatch (http://www.ncbi.nlm.nih.gov/core/jquery/jquery-1.7.2.js:3332)
  eventHandle (http://www.ncbi.nlm.nih.gov/core/jquery/jquery-1.7.2.js:2941)
  trigger (http://www.ncbi.nlm.nih.gov/core/jquery/jquery-1.7.2.js:3210)
  (anonymous function) (http://www.ncbi.nlm.nih.gov/core/jquery/jquery-1.7.2.js:3869)
  each (http://www.ncbi.nlm.nih.gov/core/jquery/jquery-1.7.2.js:660)
  each (htt[ERROR - 2015-06-08T14:57:44.002Z] Session [a97b8450-0dee-11e5-b2d0-934397b68266] - page.onError - msg: The logging JavaScript was [ERROR - 2015-06-08T14:57:48.335Z] Session [ab50b980-0dee-11e5-86ea-332e72e19ba6] - page.onError - msg: TypeError: undefined is not a function (evaluating 'I[s](G)')

  :262 in error
[ERROR - 2015-06-08T14:57:48.335Z] Session [ab50b980-0dee-11e5-86ea-332e72e19ba6] - page.onError - stack:
  (anonymous function) (http://static.pubmed.gov/core/jig/1.13.1/js/jig.min.js:260)
  each (http://static.pubmed.gov/core/jig/1.13.1/js/jig.min.js:26)
  each (http://static.pubmed.gov/core/jig/1.13.1/js/jig.min.js:20)
  scanjig (http://static.pubmed.gov/core/jig/1.13.1/js/jig.min.js:260)
  (anonymous function) (http://static.pubmed.gov/core/jig/1.13.1/js/jig.min.js:263)
  t (http://static.pubmed.gov/core/jig/1.13.1/js/jig.min.js:32)
  fireWith (http://static.pubmed.gov/core/jig/1.13.1/js/jig.min.js:34)
  ready (http://static.pubmed.gov/core/jig/1.13.1/js/jig.min.[ERROR - 2015-06-08T14:57:49.089Z] Session [aa181270-0dee-11e5-9415-514812cde23e] - page.onError - msg: The logging JavaScript was added twice in the document. Please include it one time.

  :262 in error
[ERROR - 2015-06-08T14:57:49.089Z] Session [aa181270-0dee-11e5-9415-514812cde23e] - page.onError - stack:
  (anonymous function) (http://www.ncbi.nlm.nih.gov/portal/portal3rc.fcgi/rlib/js/InstrumentOmnitureBaseJS/InstrumentNCBIConfigJS/InstrumentNCBIBaseJS/InstrumentPageStarterJS.js?v=1:14)

  :262 in error
[ERROR - 2015-06-08T14:57:49.825Z] Session [aa181270-0dee-11e5-9415-514812cde23e] - page.onError - msg: TypeError: undefined is not an object (evaluating 'this.m_ViewParams['id']')

  :262 in error
[ERROR - 2015-06-08T14:57:49.825Z] Session [aa181270-0dee-11e5-9415-514812cde2[ERROR - 2015-06-08T14:57:51.065Z] Session [a97b8450-0dee-11e5-b2d0-934397b68266] - page.onError - msg: The logging JavaScript was added twice in the document. Please include it one time.

  :262 in error
[ERROR - 2015-06-08T14:57:51.065Z] Session [a97b8450-0dee-11e5-b2d0-934397b68266] - page.onError - stack:
  (anonymous function) (http://www.ncbi.nlm.nih.gov/portal/portal3rc.fcgi/rlib/js/InstrumentOmnitureBaseJS/InstrumentNCBIConfigJS/InstrumentNCBIBaseJS/InstrumentPageStarterJS.js?v=1:14)

  :262 in error
[ERROR - 2015-06-08T14:57:51.091Z] Session [a97b8450-0dee-11e5-b2d0-934397b68266] - page.onError - msg: TypeError: undefined is not a function (evaluating 'I[s](G)')

  :262 in error
[ERROR - 2015-06-08T14:57:51.091Z] Session [a97b8450-0dee-11e5-b2d0-934397b68266] - page.onError - stack:
  (anonymous function) (http://static.pubmed.gov/core/jig/1.13.1/js/jig.min.js:260)
  each (http://static.pubmed.gov/core/jig/1.13.1/js/jig.min.js:26)
  each (http://static.pubmed.gov/core/jig/1.13.1/js/jig.min.js:[ERROR - 2015-06-08T14:57:56.691Z] Session [aa181270-0dee-11e5-9415-514812cde23e] - page.onError - msg: The logging JavaScript was added twice in the document. Please include it one time.

  :262 in error
[ERROR - 2015-06-08T14:57:56.691Z] Session [aa181270-0dee-11e5-9415-514812cde23e] - page.onError - stack:
  (anonymous function) (http://www.ncbi.nlm.nih.gov/portal/portal3rc.fcgi/rlib/js/InstrumentOmnitureBaseJS/InstrumentNCBIConfigJS/InstrumentNCBIBaseJS/InstrumentPageStarterJS.js?v=1:14)

  :262 in error
[ERROR - 2015-06-08T14:57:56.711Z] Session [aa181270-0dee-11e5-9415-514812cde23e] - page.onError - msg: TypeError: undefined is not a function (evaluating 'I[s](G)')

  :262 in error
[ERROR - 2015-06-08T14:57:56.711Z] Session [aa181270-0dee-11e5-9415-514812cde23e] - page.onError - stack:
  (anonymous function) (http://static.pubmed.gov/core/jig/1.13.1/js/jig.min.js:260)
  each (http://static.pubmed.gov/core/jig/1.13.1/js/jig.min.js:26)
  each (http://static.pubmed.gov/core/jig/1.13.1/js/jig.min.js:20)
  scanjig (http://static.pubmed.gov/core/jig/1.13.1/js/jig.min.js:260)
  (anonymous function) (http://static.pubmed.gov/core/jig/1.13.1/js/jig.min.js:263)
  t (http://static.pubmed.gov/core/jig/1.13.1/js/jig.min.js:32)
  fireWith (http://static.pubmed.gov/core/jig/1.13.1/js/jig.min.js:34)
  ready (http://static.pubmed.gov/core/jig/1.13.1/js/jig.min.js:22)
  k (http://static.pubmed.gov/core/jig/1.13.1/js/jig.min.js:31)

  :262 in error
[ERROR - 2015-06-08T14:57:56.719Z] Session [aa181270-0dee-11e5-9415-514812cde23e] - page.onError - msg: TypeError: undefined is not a function (evaluating 'theSearchInput.ncbiautocomplete("turnOff",true)')

  :262 in error
[ERROR - 2015-06-08T14:57:56.719Z] Session [aa181270-0dee-11e5-9415-514812cde23e] - page.onError - stack:
  onDbChange (http://static.pubmed.gov/portal/portal3rc.fcgi/4050480/js/3920240/4010805/3812534/4025445/3812535/3781604/4031606/3879255/3728312/4041748/4025474/6474/3908752/3758627/1778515/3967034/6358/3968635/1689922/3816816/3887815/3887817/3317080/2868104/31971/35962/35603/33966/35599/35596/35601/35595/35602/3397055/4001808.js:242)
  dispatch (http://www.ncbi.nlm.nih.gov/core/jquery/jquery-1.7.2.js:3332)
  eventHandle (http://www.ncbi.nlm.nih.gov/core/jquery/jquery-1.7.2.js:2941)
  trigger (http://www.ncbi.nlm.nih.gov/core/jquery/jquery-1.7.2.js:3210)
  (anonymous function) (http://www.ncbi.nlm.nih.gov/core/jquery/jquery-1.7.2.js:3869)
  each (http://www.ncbi.nlm.nih.gov/core/jquery/jquery-1.7.2.js:660)
  each (http://www.ncbi.nlm.nih.gov/core/jquery/jquery-1.7.2.js:271)
  trigger (http://www.ncbi.nlm.nih.gov/core/jquery/jquery-1.7.2.js:3868)
  (anonymous function) (http://static.pubmed.gov/portal/portal3rc.fcgi/4050480/js/3920240/4010805/3812534/4025445/3812535/3781604/4031606/3879255/3728312/4041748/4025474/6474/3908752/3758627/1778515/3967034/6358/3968635/1689922/3816816/3887815/3887817/3317080/2868104/31971/35962/35603/33966/35599/35596/35601/35595/35602/3397055/4001808.js:314)
  fire (http://www.ncbi.nlm.nih.gov/core/jquery/jquery-1.7.2.js:1075)
  fireWith (http://www.ncbi.nlm.nih.gov/core/jquery/jquery-1.7.2.js:1193)
  ready (http://www.ncbi.nlm.nih.gov/core/jquery/jquery-1.7.2.js:435)
  DOMContentLoaded (http://www.ncbi.nlm.nih.gov/core/jquery/jquery-1.7.2.js:949)

  :262 in error
[ERROR - 2015-06-08T14:57:56.993Z] Session [aa181270-0dee-11e5-9415-514812cde23e] - page.onError - msg: TypeError: undefined is not an object (evaluating 'jQuery.ui.jig')

  :262 in error
[ERROR - 2015-06-08T14:57:56.993Z] Session [aa181270-0dee-11e5-9415-514812cde23e] - page.onError - stack:
  (anonymous function) (http://static.pubmed.gov/core/jig/1.13.1/js/jig.min.js:248)
  dispatch (http://static.pubmed.gov/core/jig/1.13.1/js/jig.min.js:76)
  l (http://static.pubmed.gov/core/jig/1.13.1/js/jig.min.js:68)

  :262 in error
[ERROR - 2015-06-08T14:57:57.086Z] Session [aa181270-0dee-11e5-9415-514812cde23e] - page.onError - msg: TypeError: undefined is not an object (evaluating 'this.m_ViewParams['id']')

  :262 in error
[ERROR - 2015-06-08T14:57:57.086Z] Session [aa181270-0dee-11e5-9415-514812cde23e] - page.onError - st[ERROR - 2015-06-08T14:58:00.072Z] Session [a97b8450-0dee-11e5-b2d0-934397b68266] - page.onError - msg: The logging JavaScript was added twice in the document. Please include it one time.

  :262 in error
[ERROR - 2015-06-08T14:58:00.072Z] Session [a97b8450-0dee-11e5-b2d0-934397b68266] - page.onError - stack:
  (anonymous function) (http://www.ncbi.nlm.nih.gov/portal/portal3rc.fcgi/rlib/js/InstrumentOmnitureBaseJS/InstrumentNCBIConfigJS/InstrumentNCBIBaseJS/InstrumentPageStarterJS.js?v=1:14)

  :262 in error
[ERROR - 2015-06-08T14:58:00.514Z] Session [a97b8450-0dee-11e5-b2d0-934397b68266] - page.onError - msg: TypeError: undefined is not an object (evaluating 'this.m_ViewParams['id']')

  :262 in error
[ERROR - 2015-06-08T14:58:00.514Z] Session [a97b8450-0dee-11e5-b2d0-934397b68266] - page.onError - stack:
  infoLoaded (http://www.ncbi.nlm.nih.gov/projects/sviewer/js/main.js:15759)
  success (http://www.ncbi.nlm.nih.gov/projects/sviewer/js/main.js:15701)
  checkJobStatus (http://www.ncbi.nlm.nih.gov/pr[ERROR - 2015-06-08T14:58:08.959Z] Session [aa181270-0dee-11e5-9415-514812cde23e] - page.onError - msg: The logging JavaScript was added twice in the document. Please include it one time.

  :262 in error
[ERROR - 2015-06-08T14:58:08.959Z] Session [aa181270-0dee-11e5-9415-514812cde23e] - page.onError - stack:
  (anonymous function) (http://www.ncbi.nlm.nih.gov/portal/portal3rc.fcgi/rlib/js/InstrumentOmnitureBaseJS/InstrumentNCBIConfigJS/InstrumentNCBIBaseJS/InstrumentPageStarterJS.js?v=1:14)

  :262 in error
[ERROR - 2015-06-08T14:58:09.002Z] Session [aa181270-0dee-11e5-9415-514812cde23e] - page.onError - msg: TypeError: undefined is not a function (evaluating 'I[s](G)')

  :262 in error
[ERROR - 2015-06-08T14:58:09.002Z] Session [aa181270-0dee-11e5-9415-514812cde23e] - page.onError - stack:
  (anonymous function) (http://static.pubmed.gov/core/jig/1.13.1/js/jig.min.js:260)
  each (http://static.pubmed.gov/core/jig/1.13.1/js/jig.min.js:26)
  each (http://static.pubmed.gov/core/jig/1.13.1/js/jig.min.js:20)
  scanjig (http://static.pubmed.gov/core/jig/1.13.1/js/jig.min.js:260)
  (anonymous function) (http://static.pubmed.gov/core/jig/1.13.1/js/jig.min.js:263)
  t (http://static.pubmed.gov/core/jig/1.13.1/js/jig.min.js:32)
  fireWith (http://static.pubmed.gov/core/jig/1.13.1/js/jig.min.js:34)
  ready (http://static.pubmed.gov/core/jig/1.13.1/js/jig.min.js:22)
  k (http://static.pubmed.gov/core/jig/1.13.1/js/jig.min.js:31)

  :262 in error
[ERROR - 2015-06-08T14:58:09.023Z] Session [aa181270-0dee-11e5-9415-514812cde23e] - page.onError - msg: TypeError: undefined is not a function (evaluating 'theSearchInput.ncbiautocomplete("turnOff",true)')

  :262 in error
[ERROR - 2015-06-08T14:58:09.023Z] Session [aa181270-0dee-11e5-9415-514812cde23e] - page.onError - stack:
  onDbChange (http://static.pubmed.gov/portal/portal3rc.fcgi/4050480/js/3920240/4010805/3812534/4025445/3812535/3781604/4031606/3879255/3728312/4041748/4025474/6474/3908752/3758627/1778515/3967034/6358/3968635/1689922/3816816/3887815/3887817/3317080/2868104/31971/35962/35603/33966/35599/35596/35601/35595/35602/3397055/4001808.js:242)
  dispatch (http://www.ncbi.nlm.nih.gov/core/jquery/jquery-1.7.2.js:3332)
  eventHandle (http://www.ncbi.nlm.nih.gov/core/jquery/jquery-1.7.2.js:2941)
  trigger (http://www.ncbi.nlm.nih.gov/core/jquery/jquery-1.7.2.js:3210)
  (anonymous function) (http://www.ncbi.nlm.nih.gov/core/jquery/jquery-1.7.2.js:3869)
  each (http://www.ncbi.nlm.nih.gov/core/jquery/jquery-1.7.2.js:660)
  each (http://www.ncbi.nlm.nih.gov/core/jquery/jquery-1.7.2.js:271)
  trigger (http://www.nc[ERROR - 2015-06-08T14:58:15.873Z] Session [a97b8450-0dee-11e5-b2d0-934397b68266] - page.onError - msg: The logging JavaScript was added twice in the document. Please include it one time.

  :262 in error
[ERROR - 2015-06-08T14:58:15.873Z] Session [a97b8450-0dee-11e5-b2d0-934397b68266] - page.onError - stack:
  (anonymous function) (http://www.ncbi.nlm.nih.gov/portal/portal3rc.fcgi/rlib/js/InstrumentOmnitureBaseJS/InstrumentNCBIConfigJS/InstrumentNCBIBaseJS/InstrumentPageStarterJS.js?v=1:14)

  :262 in error
[ERROR - 2015-06-08T14:58:16.320Z] Session [a97b8450-0dee-11e5-b2d0-934397b68266] - page.onError - msg: TypeError: undefined is not an object (evaluating 'this.m_ViewParams['id']')

  :262 in error
[ERROR - 2015-06-08T14:58:16.320Z] Session [a97b8450-0dee-11e5-b2d0-934397b68266] - page.onError - stack:
  infoLoaded (http://www.ncbi.nlm.nih.gov/projects/sviewer/js/main.js:15759)
  success (http://www.ncbi.nlm.nih.gov/projects/sviewer/js/main.js:15701)
  checkJobStatus (http://www.ncbi.nlm.nih.gov/projects/sviewer/js/main.js:14535)
  t (http://static.pubmed.gov/core/jig/1.13.1/js/jig.min.js:32)
  fireWith (http://static.pubmed.gov/core/jig/1.13.1/js/jig.min.js:34)
  d (http://static.pubmed.gov/core/jig/1.13.1/js/jig.min.js:155)
  b (http://static.pubmed.gov/core/jig/1.13.1/js/jig.min.js:166)
  openUrl (:0)
  open (:280)
  (anonymous function) (:/ghostdriver/request_handlers/session_request_handler.js:495)
  _execFuncAndWaitForLoadDecorator (:/ghostdriver/session.js:212)
  _postUrlCommand (:/ghostdriver/request_handlers/session_request_handler.js:494)
  _handle (:/ghostdriver/request_handlers/session_request_handler.js:91)
  _reroute (:/ghostdriver/request_handlers/request_handler.js:61)
  _handle (:/ghostdriver/request_handlers/router_request_handler.js:78)

  :262 in error
v/core/jquery/jquery-1.7.2.js:1075)
  fireWith (http://www.ncbi.nlm.nih.gov/core/jquery/jquery-1.7.2.js:1193)
  done (http://www.ncbi.nlm.nih.gov/core/jquery/jquery-1.7.2.js:7540)
  callback (http://www.ncbi.nlm.nih.gov/core/jquery/jquery-1.7.2.js:8324)
  openUrl (:0)
  open (:280)
  (anonymous function) (:/ghostdriver/request_handlers/session_request_handler.js:495)
  _execFuncAndWaitForLoadDecorator (:/ghostdriver/session.js:212)
  _postUrlCommand (:/ghostdriver/request_handlers/session_request_handler.js:494)
  _handle (:/ghostdriver/request_handlers/session_request_handler.js:91)
  _reroute (:/ghostdriver/request_handlers/request_handler.js:61)
  _handle (:/ghostdriver/request_handlers/router_request_handler.js:78)

  :262 in error
[ERROR - 2015-06-08T14:58:15.486Z] Session [aa181270-0dee-11e5-9415-514812cde23e] - page.onError - msg: The logging JavaScript was added twice in the document. Please include it one time.

  :262 in error
[ERROR - 2015-06-08T14:58:15.486Z] Session [aa181270-0dee-11e5-9415-514812cde23e] - page.onError - stack:
  (anonymous function) (http://www.ncbi.nlm.nih.gov/portal/portal3rc.fcgi/rlib/js/InstrumentOmnitureBaseJS/InstrumentNCBIConfigJS/InstrumentNCBIBaseJS/InstrumentPageStarterJS.js?v=1:14)

  :262 in error
[ERROR - 2015-06-08T14:58:15.508Z] Session [aa181270-0dee-11e5-9415-514812cde23e] - page.onError - msg: TypeError: undefined is not a function (evaluating 'I[s](G)')

  :262 in error
[ERROR - 2015-06-08T14:58:15.508Z] Session [aa181270-0dee-11e5-9415-514812cde23e] - page.onError - stack:
  (anonymous function) (http://static.pubmed.gov/core/jig/1.13.1/js/jig.min.js:260)
  each (http://static.pubmed.gov/core/jig/1.13.1/js/jig.min.js:26)
  each (http://static.pubmed.gov/core/jig/1.13.1/js/jig.min.js:20)
  scanjig (http://static.pubmed.gov/core/jig/1.13.1/js/jig.min.js:260)
  (anonymous function) (http://static.pubmed.gov/core/jig/1.13.1/js/jig.min.js:263)
  t (http://static.pubmed.gov/core/jig/1.13.1/js/jig.min.js:32)
  fireWith (http://static.pubmed.gov/core/jig/1.13.1/js/jig.min.js:34)
  ready (http://static.pubmed.gov/core/jig/1.13.1/js/jig.min.js:22)
  k (http://static.pubmed.gov/core/jig/1.13.1/js/jig.min.js:31)

  :262 in error
[ERROR - 2015-06-08T14:58:15.517Z] Session [aa181270-0dee-11e5-9415-514812cde23e] - page.onError - msg: TypeError: undefined is not a function (evaluating 'theSearchInput.ncbiautocomplete("turnOff",true)')

  :262 in error
[ERROR - 2015-06-08T14:58:15.517Z] Session [aa181270-0dee-11e5-9415-514812cde23e] - page.onError - stack:
  onDbChange (http://static.pubmed.gov/portal/portal3rc.fcgi/4050480/js/3920240/4010805/3812534/4025445/3812535/3781604/4031606/3879255/3728312/4041748/4025474/6474/3908752/3758627/1778515/3967034/6358/3968635/1689922/3816816/3887815/3887817/3317080/2868104/31971/35962/35603/33966/35599/35596/35601/35595/35602/3397055/4001808.js:242)
  dispatch (http://www.ncbi.nlm.nih.gov/core/jquery/jquery-1.7.2.js:3332)
  eventHandle (http://www.ncbi.nlm.nih.gov/core/jquery/jquery-1.7.2.js:2941)
  trigger (http://www.ncbi.nlm.nih.gov/core/jquery/jquery-1.7.2.js:3210)
  (anonymous function) (http://www.ncbi.nlm.nih.gov/core/jquery/jquery-1.7.2.js:3869)
  each (http://www.ncbi.nlm.nih.gov/core/jquery/jquery-1.7.2.js:660)
  each (http://www.ncbi.nlm.nih.gov/core/jquery/jquery-1.7.2.js:271)
  trigger (http://www.ncbi.nlm.nih.gov/core/jquery/jquery-1.7.2.js:3868)
  (anonymous function) (http://static.pubmed.gov/portal/portal3rc.fcgi/4050480/js/3920240/4010805/3812534/4025[ERROR - 2015-06-08T14:58:18.040Z] Session [a8dcd350-0dee-11e5-bd94-a5804f191bb3] - page.onError - msg: The logging JavaScript was added twice in the document. Please include it one time.

  :262 in error
[ERROR - 2015-06-08T14:58:18.040Z] Session [a8dcd350-0dee-11e5-bd94-a5804f191bb3] - page.onError - stack:
  (anonymous function) (http://www.ncbi.nlm.nih.gov/portal/portal3rc.fcgi/rlib/js/InstrumentOmnitureBaseJS/InstrumentNCBIConfigJS/InstrumentNCBIBaseJS/InstrumentPageStarterJS.js?v=1:14)

  :262 in error
[ERROR - 2015-06-08T14:58:18.066Z] Session [a8dcd350-0dee-11e5-bd94-a5804f191bb3] - page.onError - msg: TypeError: undefined is not a function (evaluating 'I[s](G)')

  :262 in error
[ERROR - 2015-06-08T14:58:18.066Z] Session [a8dcd350-0dee-11e5-bd94-a5804f191bb3] - page.onError - stack:
  (anonymous function) (http://static.pubmed.gov/core/jig/1.13.1/js/jig.min.js:260)
  each (http://static.pubmed.gov/core/jig/1.13.1/js/jig.min.js:26)
  each (http://static.pubmed.gov/core/jig/1.13.1/js/jig.min.js:20)
  scanjig (http://static.pubmed.gov/core/jig/1.13.1/js/jig.min.js:260)
  (anonymous function) (http://static.pubmed.gov/core/jig/1.13.1/js/jig.min.js:263)
  t (http://static.pubmed.gov/core/jig/1.13.1/js/jig.min.js:32)
  fireWith (http://static.pubmed.gov/core/jig/1.13.1/js/jig.min.js:34)
  ready (http://static.pubmed.gov/core/jig/1.13.1/js/jig.min.js:22)
  k (http://static.pubmed.gov/core/jig/1.13.1/js/jig.min.js:31)

  :262 in error
[ERROR - 2015-06-08T14:58:18.077Z] Session [a8dcd350-0dee-11e5-bd94-a5804f191bb3] - page.onError - msg: TypeError: undefined is not a function (evaluating 'theSearchInput.ncbiautocomplete("turnOff",true)')

  :262 in error
[ERROR - 2015-06-08T14:58:18.077Z] Session [a8dcd350-0dee-11e5-bd94-a5804f191bb3] - page.onError - stack:
  onDbChange (http://static.pubmed.gov/portal/portal3rc.fcgi/4050480/js/3920240/4010805/3812534/4025445/3812535/3781604/4031606/3879255/3728312/4041748/4025474/6474/3908752/3758627/1778515/3967034/6358/3968635/1689922/3816816/3887815/3887817/3317080/2868104/31971/35962/35603/33966/35599/35596/35601/35595/35602/3397055/4001808.js:242)
  dispatch (http://www.ncbi.nlm.nih.gov/core/jquery/jquery-1.7.2.js:3332)
  eventHandle (http://www.ncbi.nlm.nih.gov/core/jquery/jquery-1.7.2.js:2941)
  trigger (http://www.ncbi.nlm.nih.gov/core/jquery/jquery-1.7.2.js:3210)
  (anonymous function) (http://www.ncbi.nlm.nih.gov/core/jquery/jquery-1.7.2.js:3869)
  each (http://www.ncbi.nlm.nih.gov/core/jquery/jquery-1.7.2.js:660)
  each (http://www.ncbi.nlm.nih.gov/core/jquery/jquery-1.7.2.js:271)
  trigger (http://www.ncbi.nlm.nih.gov/core/jquery/jquery-1.7.2.js:3868)
  (anonymous function) (http://static.pubmed.gov/portal/portal3rc.fcgi/4050480/js/3920240/4010805/3812534/4025445/3812535/3781604/4031606/3879255/3728312/4041748/4025474/6474/3908752/3758627/1778515/3967034/6358/3968635/1689922/3816816/3887815/3887817/3317080/2868104/31971/35962/35603/33966/35599/35596/35601/35595/35602/3397055/4001808.js:314)
  fire (http://www.ncbi.nlm.nih.gov/core/jquery/jquery-1.7.2.js:1075)
  fireWith (http://www.ncbi.nlm.nih.gov/core/jquery/jquery-1.7.2.js:1193)
  ready (http://www.ncbi.nlm.nih.gov/core/jquery/jquery-1.7.2.js:435)
  DOMContentLoaded (http://www.ncbi.nlm.nih.gov/core/jquery/jquery-1.7.2.js:949)

  :262 in error
[ERROR - 2015-06-08T14:58:18.084Z] Session [a8dcd350-0dee-11e5-bd94-a5804f191bb3] - page.onError - msg: TypeError: undefined is not an object (evaluating 'jQuery.ui.jig')

  :262 in error
[ERROR - 2015-06-08T14:58:18.084Z] Session [a8dcd350-0dee-11e5-bd94-a5804f191bb3] - page.onError - stack:
  (anonymous function) (http://static.pubmed.gov/core/jig/1.13.1/js/jig.min.js:248)
  dispatch (http://static.pubmed.gov/core/jig/1.13.1/js/jig.min.js:76)
  l (http://static.pubmed.gov/core/jig/1.13.1/js/jig.min.js:68)

  :262 in error
[ERROR - 2015-06-08T14:58:18.229Z] Session [a8dcd350-0dee-11e5-bd94-a5804f191bb3] - page.onError - msg: TypeError: undefined is not an object (evaluating 'this.m_ViewParams['id']')

  :262 in error
[ERROR - 2015-06-08T14:58:18.229Z] Session [a8dcd350-0dee-11e5-bd94-a5804f191bb3] - page.onError - stack:
  infoLoaded (http://www.ncbi.nlm.nih.gov/projects/sviewer/js/main.js:15759)
  success (http://www.ncbi.nlm.nih.gov/projects/sviewer/js/main.js:15701)
  checkJobStatus (http://www.ncbi.nlm.nih.gov/projects/sviewer/js/main.js:14535)
  fire (http://www.ncbi.nlm.nih.gov/core/jquery/jquery-1.7.2.js:1075)
  fireWith (http://www.ncbi.nlm.nih.gov/core/jquery/jquery-1.7.2.js:1193)
  done (http://www.ncbi.nlm.nih.gov/core/jquery/jquery-1.7.2.js:7540)
  callback (http://www.ncbi.nlm.nih.gov/core/jquery/jquery-1.7.2.js:8324)
  openUrl (:0)
  open (:280)
  (anonymous function) (:/ghostdriver/request_handlers/session_request_handler.js:495)
  _execFuncAndWaitForLoadDecorator (:/ghostdriver/session.js:212)
  _postUrlCommand (:/ghostdriver/request_handlers/session_request_handler.js:494)
  _handle (:/ghostdriver/request_handlers/session_request_handler.js:91)
  _reroute (:/ghostdriver/request_handlers/request_handler.js:61)
  _handle (:/ghostdriver/request_handlers/router_request_handler.js:78)

  :262 in error
or - stack:
  (anonymous function) (http://www.ncbi.nlm.nih.gov/portal/portal3rc.fcgi/rlib/js/InstrumentOmnitureBaseJS/InstrumentNCBIConfigJS/InstrumentNCBIBaseJS/InstrumentPageStarterJS.js?v=1:14)

  :262 in error
[ERROR - 2015-06-08T14:58:16.912Z] Session [ab50b980-0dee-11e5-86ea-332e72e19ba6] - page.onError - msg: TypeError: undefined is not an object (evaluating 'this.m_ViewParams['id']')

  :262 in error
[ERROR - 2015-06-08T14:58:16.912Z] Session [ab50b980-0dee-11e5-86ea-332e72e19ba6] - page.onError - stack:
  infoLoaded (http://www.ncbi.nlm.nih.gov/projects/sviewer/js/main.js:15759)
  success (http://www.ncbi.nlm.nih.gov/projects/sviewer/js/main.js:15701)
  checkJobStatus (http://www.ncbi.nlm.nih.gov/projects/sviewer/js/main.js:14535)
  t (http://static.pubmed.gov/core/jig/1.13.1/js/jig.min.js:32)
  fireWith (http://static.pubmed.gov/core/jig/1.13.1/js/jig.min.js:34)
  d (http://static.pubmed.gov/core/jig/1.13.1/js/jig.min.js:155)
  b (http://static.pubmed.gov/core/jig/1.13.1/js/jig.min.js:166)
  openUrl (:0)
  open (:280)
  (anonymous function) (:/ghostdriver/request_handlers/session_request_handler.js:495)
  _execFuncAndWaitForLoadDecorator (:/ghostdriver/session.js:212)
  _postUrlCommand (:/ghostdriver/request_handlers/session_request_handler.js:494)
  _handle (:/ghostdriver/request_handlers/session_request_handler.js:91)
  _reroute (:/ghostdriver/request_handlers/request_handler.js:61)
  _handle (:/ghostdriver/request_handlers/router_request_handler.js:78)

  :262 in error
